2019-10-16 10:14:32.482  INFO 25272 --- [main] c.n.n.NideshopServerApplication          : Starting NideshopServerApplication on BadassMotherFucker with PID 25272 (D:\Workspaces\ideal\nideshop-server\target\classes started by onlyi in D:\Workspaces\ideal\nideshop-server)
2019-10-16 10:14:32.488  INFO 25272 --- [main] c.n.n.NideshopServerApplication          : No active profile set, falling back to default profiles: default
2019-10-16 10:14:33.191  WARN 25272 --- [main] o.m.s.mapper.ClassPathMapperScanner      : Skipping MapperFactoryBean with name 'adminMapper' and 'com.newland.nideshopserver.mapper.AdminMapper' mapperInterface. Bean already defined with the same name!
2019-10-16 10:14:33.192  WARN 25272 --- [main] o.m.s.mapper.ClassPathMapperScanner      : Skipping MapperFactoryBean with name 'brandMapper' and 'com.newland.nideshopserver.mapper.BrandMapper' mapperInterface. Bean already defined with the same name!
2019-10-16 10:14:33.192  WARN 25272 --- [main] o.m.s.mapper.ClassPathMapperScanner      : Skipping MapperFactoryBean with name 'commentMapper' and 'com.newland.nideshopserver.mapper.CommentMapper' mapperInterface. Bean already defined with the same name!
2019-10-16 10:14:33.192  WARN 25272 --- [main] o.m.s.mapper.ClassPathMapperScanner      : Skipping MapperFactoryBean with name 'topicMapper' and 'com.newland.nideshopserver.mapper.TopicMapper' mapperInterface. Bean already defined with the same name!
2019-10-16 10:14:33.192  WARN 25272 --- [main] o.m.s.mapper.ClassPathMapperScanner      : No MyBatis mapper was found in '[com.newland.nideshopserver]' package. Please check your configuration.
2019-10-16 10:14:33.233  INFO 25272 --- [main] .s.d.r.c.RepositoryConfigurationDelegate : Multiple Spring Data modules found, entering strict repository configuration mode!
2019-10-16 10:14:33.236  INFO 25272 --- [main] .s.d.r.c.RepositoryConfigurationDelegate : Bootstrapping Spring Data repositories in DEFAULT mode.
2019-10-16 10:14:33.271  INFO 25272 --- [main] .s.d.r.c.RepositoryConfigurationDelegate : Finished Spring Data repository scanning in 20ms. Found 0 repository interfaces.
2019-10-16 10:14:33.540  INFO 25272 --- [main] trationDelegate$BeanPostProcessorChecker : Bean 'org.springframework.transaction.annotation.ProxyTransactionManagementConfiguration' of type [org.springframework.transaction.annotation.ProxyTransactionManagementConfiguration$$EnhancerBySpringCGLIB$$da3033e0] is not eligible for getting processed by all BeanPostProcessors (for example: not eligible for auto-proxying)
2019-10-16 10:14:33.856  INFO 25272 --- [main] o.s.b.w.embedded.tomcat.TomcatWebServer  : Tomcat initialized with port(s): 8360 (http)
2019-10-16 10:14:33.877  INFO 25272 --- [main] o.apache.catalina.core.StandardService   : Starting service [Tomcat]
2019-10-16 10:14:33.877  INFO 25272 --- [main] org.apache.catalina.core.StandardEngine  : Starting Servlet engine: [Apache Tomcat/9.0.16]
2019-10-16 10:14:33.882  INFO 25272 --- [main] o.a.catalina.core.AprLifecycleListener   : The APR based Apache Tomcat Native library which allows optimal performance in production environments was not found on the java.library.path: [D:\java\jdk1.8.0_191\bin;C:\WINDOWS\Sun\Java\bin;C:\WINDOWS\system32;C:\WINDOWS;D:\java\xshell6\;D:\java\oracle11.2.0\bin;D:\java\jdk1.8.0_191\bin;C:\Windows\system32;C:\Windows;C:\Windows\System32\Wbem;C:\Windows\System32\WindowsPowerShell\v1.0\;C:\Windows\System32\OpenSSH\;C:\Program Files (x86)\Common Files\Oracle\Java\javapath;C:\Program Files (x86)\Intel\Intel(R) Management Engine Components\iCLS\;C:\Program Files\Intel\Intel(R) Management Engine Components\iCLS\;C:\Program Files (x86)\Intel\Intel(R) Management Engine Components\DAL;C:\Program Files\Intel\Intel(R) Management Engine Components\DAL;C:\Program Files (x86)\Intel\Intel(R) Management Engine Components\IPT;C:\Program Files\Intel\Intel(R) Management Engine Components\IPT;C:\Program Files (x86)\NVIDIA Corporation\PhysX\Common;D:\SVN\bin;D:\bigdata\hadoop-2.7.2\bin;C:\Program Files\Intel\WiFi\bin\;C:\Program Files\Common Files\Intel\WirelessCommon\;C:\WINDOWS\system32;C:\WINDOWS;C:\WINDOWS\System32\Wbem;C:\WINDOWS\System32\WindowsPowerShell\v1.0\;C:\WINDOWS\System32\OpenSSH\;D:\nodeJs\;D:\java\apache-maven-3.6.0\bin;C:\Users\onlyi\AppData\Local\Microsoft\WindowsApps;C:\Users\onlyi\AppData\Roaming\npm;.]
2019-10-16 10:14:34.039  INFO 25272 --- [main] o.a.c.c.C.[Tomcat].[localhost].[/api]    : Initializing Spring embedded WebApplicationContext
2019-10-16 10:14:34.040  INFO 25272 --- [main] o.s.web.context.ContextLoader            : Root WebApplicationContext: initialization completed in 1503 ms
2019-10-16 10:14:34.895  INFO 25272 --- [main] o.s.s.concurrent.ThreadPoolTaskExecutor  : Initializing ExecutorService 'applicationTaskExecutor'
2019-10-16 10:14:35.016  INFO 25272 --- [main] t.m.m.autoconfigure.MapperCacheDisabler  : Clear tk.mybatis.mapper.util.MsUtil CLASS_CACHE cache.
2019-10-16 10:14:35.017  INFO 25272 --- [main] t.m.m.autoconfigure.MapperCacheDisabler  : Clear tk.mybatis.mapper.genid.GenIdUtil CACHE cache.
2019-10-16 10:14:35.017  INFO 25272 --- [main] t.m.m.autoconfigure.MapperCacheDisabler  : Clear tk.mybatis.mapper.version.VersionUtil CACHE cache.
2019-10-16 10:14:35.017  INFO 25272 --- [main] t.m.m.autoconfigure.MapperCacheDisabler  : Clear EntityHelper entityTableMap cache.
2019-10-16 10:14:35.478  INFO 25272 --- [main] o.s.b.w.embedded.tomcat.TomcatWebServer  : Tomcat started on port(s): 8360 (http) with context path '/api'
2019-10-16 10:14:35.482  INFO 25272 --- [main] c.n.n.NideshopServerApplication          : Started NideshopServerApplication in 3.386 seconds (JVM running for 5.788)
2019-10-16 10:14:47.467  INFO 25272 --- [http-nio-8360-exec-2] o.a.c.c.C.[Tomcat].[localhost].[/api]    : Initializing Spring DispatcherServlet 'dispatcherServlet'
2019-10-16 10:14:47.467  INFO 25272 --- [http-nio-8360-exec-2] o.s.web.servlet.DispatcherServlet        : Initializing Servlet 'dispatcherServlet'
2019-10-16 10:14:47.475  INFO 25272 --- [http-nio-8360-exec-2] o.s.web.servlet.DispatcherServlet        : Completed initialization in 8 ms
2019-10-16 10:14:47.528  INFO 25272 --- [http-nio-8360-exec-1] com.zaxxer.hikari.HikariDataSource       : HikariPool-1 - Starting...
2019-10-16 10:14:47.639  INFO 25272 --- [http-nio-8360-exec-1] com.zaxxer.hikari.HikariDataSource       : HikariPool-1 - Start completed.
2019-10-16 10:14:47.647 DEBUG 25272 --- [http-nio-8360-exec-2] c.n.n.mapper.GoodsMapper.select          : ==>  Preparing: SELECT id,category_id,goods_sn,name,brand_id,goods_number,keywords,goods_brief,goods_desc,is_on_sale,add_time,sort_order,is_delete,attribute_category,counter_price,extra_price,is_new,goods_unit,primary_pic_url,list_pic_url,retail_price,sell_volume,primary_product_id,unit_price,promotion_desc,promotion_tag,app_exclusive_price,is_app_exclusive,is_limited,is_hot FROM nideshop_goods WHERE is_new = ? 
2019-10-16 10:14:47.647 DEBUG 25272 --- [http-nio-8360-exec-1] c.n.n.mapper.GoodsMapper.goodsCount      : ==>  Preparing: SELECT COUNT(`id`) AS think_count FROM `nideshop_goods` WHERE ( `is_delete` = 0 ) AND ( `is_on_sale` = 1 ) LIMIT 1 
2019-10-16 10:14:47.668 DEBUG 25272 --- [http-nio-8360-exec-1] c.n.n.mapper.GoodsMapper.goodsCount      : ==> Parameters: 
2019-10-16 10:14:47.668 DEBUG 25272 --- [http-nio-8360-exec-2] c.n.n.mapper.GoodsMapper.select          : ==> Parameters: 1(Integer)
2019-10-16 10:14:47.692 DEBUG 25272 --- [http-nio-8360-exec-1] c.n.n.mapper.GoodsMapper.goodsCount      : <==      Total: 1
2019-10-16 10:14:47.701 DEBUG 25272 --- [http-nio-8360-exec-2] c.n.n.mapper.GoodsMapper.select          : <==      Total: 11
2019-10-16 10:14:47.702 DEBUG 25272 --- [http-nio-8360-exec-2] c.n.n.mapper.GoodsMapper.select          : ==>  Preparing: SELECT id,category_id,goods_sn,name,brand_id,goods_number,keywords,goods_brief,goods_desc,is_on_sale,add_time,sort_order,is_delete,attribute_category,counter_price,extra_price,is_new,goods_unit,primary_pic_url,list_pic_url,retail_price,sell_volume,primary_product_id,unit_price,promotion_desc,promotion_tag,app_exclusive_price,is_app_exclusive,is_limited,is_hot FROM nideshop_goods WHERE is_hot = ? 
2019-10-16 10:14:47.703 DEBUG 25272 --- [http-nio-8360-exec-2] c.n.n.mapper.GoodsMapper.select          : ==> Parameters: 1(Integer)
2019-10-16 10:14:47.730 DEBUG 25272 --- [http-nio-8360-exec-2] c.n.n.mapper.GoodsMapper.select          : <==      Total: 24
2019-10-16 10:14:47.734 DEBUG 25272 --- [http-nio-8360-exec-2] c.n.n.mapper.AdMapper.select             : ==>  Preparing: SELECT id,ad_position_id,media_type,name,link,image_url,content,end_time,enabled FROM nideshop_ad WHERE ad_position_id = ? 
2019-10-16 10:14:47.734 DEBUG 25272 --- [http-nio-8360-exec-2] c.n.n.mapper.AdMapper.select             : ==> Parameters: 1(Integer)
2019-10-16 10:14:47.736 DEBUG 25272 --- [http-nio-8360-exec-2] c.n.n.mapper.AdMapper.select             : <==      Total: 3
2019-10-16 10:14:47.750 DEBUG 25272 --- [http-nio-8360-exec-2] c.n.n.m.ChannelMapper.selectByExample    : ==>  Preparing: SELECT id,name,url,icon_url,sort_order FROM nideshop_channel order by sort_order ASC 
2019-10-16 10:14:47.750 DEBUG 25272 --- [http-nio-8360-exec-2] c.n.n.m.ChannelMapper.selectByExample    : ==> Parameters: 
2019-10-16 10:14:47.752 DEBUG 25272 --- [http-nio-8360-exec-2] c.n.n.m.ChannelMapper.selectByExample    : <==      Total: 5
2019-10-16 10:14:47.753 DEBUG 25272 --- [http-nio-8360-exec-2] c.n.n.mapper.TopicMapper.selectAll       : ==>  Preparing: SELECT id,title,content,avatar,item_pic_url,subtitle,topic_category_id,price_info,read_count,scene_pic_url,topic_template_id,topic_tag_id,sort_order,is_show FROM nideshop_topic 
2019-10-16 10:14:47.753 DEBUG 25272 --- [http-nio-8360-exec-2] c.n.n.mapper.TopicMapper.selectAll       : ==> Parameters: 
2019-10-16 10:14:47.761 DEBUG 25272 --- [http-nio-8360-exec-2] c.n.n.mapper.TopicMapper.selectAll       : <==      Total: 20
2019-10-16 10:14:47.761 DEBUG 25272 --- [http-nio-8360-exec-2] c.n.n.mapper.BrandMapper.list            : ==>  Preparing: SELECT id , name as 'name' , list_pic_url as 'listPicUrl', simple_desc as 'simpleDesc' , pic_url as 'picUrl' ,sort_order as sortOrder ,is_show as isShow ,floor_price as floorPrice, app_list_pic_url as 'appListPicUrl' ,is_new as isNew, new_pic_url as 'newPicUrl',new_sort_order as newSortOrder FROM `nideshop_brand` WHERE ( `is_new` = 1 ) ORDER BY `new_sort_order` asc LIMIT 4 
2019-10-16 10:14:47.762 DEBUG 25272 --- [http-nio-8360-exec-2] c.n.n.mapper.BrandMapper.list            : ==> Parameters: 
2019-10-16 10:14:47.765 DEBUG 25272 --- [http-nio-8360-exec-2] c.n.n.mapper.BrandMapper.list            : <==      Total: 4
2019-10-16 10:14:47.766 DEBUG 25272 --- [http-nio-8360-exec-2] c.n.n.m.C.listParentCategory             : ==>  Preparing: SELECT * FROM `nideshop_category` WHERE ( `parent_id` = 0 ) AND ( `name` != '推荐' ) 
2019-10-16 10:14:47.766 DEBUG 25272 --- [http-nio-8360-exec-2] c.n.n.m.C.listParentCategory             : ==> Parameters: 
2019-10-16 10:14:47.768 DEBUG 25272 --- [http-nio-8360-exec-2] c.n.n.m.C.listParentCategory             : <==      Total: 9
2019-10-16 10:14:47.769 DEBUG 25272 --- [http-nio-8360-exec-2] c.n.n.m.C.listSecondCategory             : ==>  Preparing: SELECT `id` FROM `nideshop_category` WHERE ( `parent_id` = ? ) LIMIT 100; 
2019-10-16 10:14:47.770 DEBUG 25272 --- [http-nio-8360-exec-2] c.n.n.m.C.listSecondCategory             : ==> Parameters: 1005000(Integer)
2019-10-16 10:14:47.772 DEBUG 25272 --- [http-nio-8360-exec-2] c.n.n.m.C.listSecondCategory             : <==      Total: 10
2019-10-16 10:14:47.787 DEBUG 25272 --- [http-nio-8360-exec-2] c.n.n.m.GoodsMapper.selectByExample      : ==>  Preparing: SELECT id , name , list_pic_url , retail_price FROM nideshop_goods WHERE ( ( category_id in ( ? , ? , ? , ? , ? , ? , ? , ? , ? , ? ) ) ) 
2019-10-16 10:14:47.788 DEBUG 25272 --- [http-nio-8360-exec-2] c.n.n.m.GoodsMapper.selectByExample      : ==> Parameters: 1008002(Integer), 1008008(Integer), 1008009(Integer), 1008016(Integer), 1010003(Integer), 1011003(Integer), 1011004(Integer), 1015000(Integer), 1017000(Integer), 1036000(Integer)
2019-10-16 10:14:47.796 DEBUG 25272 --- [http-nio-8360-exec-2] c.n.n.m.GoodsMapper.selectByExample      : <==      Total: 170
2019-10-16 10:14:47.797 DEBUG 25272 --- [http-nio-8360-exec-2] c.n.n.m.C.listSecondCategory             : ==>  Preparing: SELECT `id` FROM `nideshop_category` WHERE ( `parent_id` = ? ) LIMIT 100; 
2019-10-16 10:14:47.797 DEBUG 25272 --- [http-nio-8360-exec-2] c.n.n.m.C.listSecondCategory             : ==> Parameters: 1005001(Integer)
2019-10-16 10:14:47.798 DEBUG 25272 --- [http-nio-8360-exec-2] c.n.n.m.C.listSecondCategory             : <==      Total: 9
2019-10-16 10:14:47.801 DEBUG 25272 --- [http-nio-8360-exec-2] c.n.n.m.GoodsMapper.selectByExample      : ==>  Preparing: SELECT id , name , list_pic_url , retail_price FROM nideshop_goods WHERE ( ( category_id in ( ? , ? , ? , ? , ? , ? , ? , ? , ? ) ) ) 
2019-10-16 10:14:47.802 DEBUG 25272 --- [http-nio-8360-exec-2] c.n.n.m.GoodsMapper.selectByExample      : ==> Parameters: 1005007(Integer), 1005008(Integer), 1005009(Integer), 1007000(Integer), 1008011(Integer), 1008012(Integer), 1008013(Integer), 1013005(Integer), 1023000(Integer)
2019-10-16 10:14:47.803 DEBUG 25272 --- [http-nio-8360-exec-2] c.n.n.m.GoodsMapper.selectByExample      : <==      Total: 9
2019-10-16 10:14:47.804 DEBUG 25272 --- [http-nio-8360-exec-2] c.n.n.m.C.listSecondCategory             : ==>  Preparing: SELECT `id` FROM `nideshop_category` WHERE ( `parent_id` = ? ) LIMIT 100; 
2019-10-16 10:14:47.804 DEBUG 25272 --- [http-nio-8360-exec-2] c.n.n.m.C.listSecondCategory             : ==> Parameters: 1005002(Integer)
2019-10-16 10:14:47.806 DEBUG 25272 --- [http-nio-8360-exec-2] c.n.n.m.C.listSecondCategory             : <==      Total: 10
2019-10-16 10:14:47.808 DEBUG 25272 --- [http-nio-8360-exec-2] c.n.n.m.GoodsMapper.selectByExample      : ==>  Preparing: SELECT id , name , list_pic_url , retail_price FROM nideshop_goods WHERE ( ( category_id in ( ? , ? , ? , ? , ? , ? , ? , ? , ? , ? ) ) ) 
2019-10-16 10:14:47.809 DEBUG 25272 --- [http-nio-8360-exec-2] c.n.n.m.GoodsMapper.selectByExample      : ==> Parameters: 1005010(Integer), 1005011(Integer), 1005012(Integer), 1005013(Integer), 1008014(Integer), 1008015(Integer), 1027000(Integer), 1027001(Integer), 1035003(Integer), 1036003(Integer)
2019-10-16 10:14:47.811 DEBUG 25272 --- [http-nio-8360-exec-2] c.n.n.m.GoodsMapper.selectByExample      : <==      Total: 9
2019-10-16 10:14:47.812 DEBUG 25272 --- [http-nio-8360-exec-2] c.n.n.m.C.listSecondCategory             : ==>  Preparing: SELECT `id` FROM `nideshop_category` WHERE ( `parent_id` = ? ) LIMIT 100; 
2019-10-16 10:14:47.813 DEBUG 25272 --- [http-nio-8360-exec-2] c.n.n.m.C.listSecondCategory             : ==> Parameters: 1008000(Integer)
2019-10-16 10:14:47.814 DEBUG 25272 --- [http-nio-8360-exec-2] c.n.n.m.C.listSecondCategory             : <==      Total: 9
2019-10-16 10:14:47.817 DEBUG 25272 --- [http-nio-8360-exec-2] c.n.n.m.GoodsMapper.selectByExample      : ==>  Preparing: SELECT id , name , list_pic_url , retail_price FROM nideshop_goods WHERE ( ( category_id in ( ? , ? , ? , ? , ? , ? , ? , ? , ? ) ) ) 
2019-10-16 10:14:47.817 DEBUG 25272 --- [http-nio-8360-exec-2] c.n.n.m.GoodsMapper.selectByExample      : ==> Parameters: 1008003(Integer), 1008007(Integer), 1008010(Integer), 1008018(Integer), 1010004(Integer), 1012001(Integer), 1013000(Integer), 1020008(Integer), 1022000(Integer)
2019-10-16 10:14:47.820 DEBUG 25272 --- [http-nio-8360-exec-2] c.n.n.m.GoodsMapper.selectByExample      : <==      Total: 7
2019-10-16 10:14:47.822 DEBUG 25272 --- [http-nio-8360-exec-2] c.n.n.m.C.listSecondCategory             : ==>  Preparing: SELECT `id` FROM `nideshop_category` WHERE ( `parent_id` = ? ) LIMIT 100; 
2019-10-16 10:14:47.823 DEBUG 25272 --- [http-nio-8360-exec-2] c.n.n.m.C.listSecondCategory             : ==> Parameters: 1010000(Integer)
2019-10-16 10:14:47.825 DEBUG 25272 --- [http-nio-8360-exec-2] c.n.n.m.C.listSecondCategory             : <==      Total: 11
2019-10-16 10:14:47.827 DEBUG 25272 --- [http-nio-8360-exec-2] c.n.n.m.GoodsMapper.selectByExample      : ==>  Preparing: SELECT id , name , list_pic_url , retail_price FROM nideshop_goods WHERE ( ( category_id in ( ? , ? , ? , ? , ? , ? , ? , ? , ? , ? , ? ) ) ) 
2019-10-16 10:14:47.827 DEBUG 25272 --- [http-nio-8360-exec-2] c.n.n.m.GoodsMapper.selectByExample      : ==> Parameters: 1008004(Integer), 1010001(Integer), 1010002(Integer), 1013006(Integer), 1015001(Integer), 1020009(Integer), 1020010(Integer), 1034000(Integer), 1035000(Integer), 1035001(Integer), 1035002(Integer)
2019-10-16 10:14:47.829 DEBUG 25272 --- [http-nio-8360-exec-2] c.n.n.m.GoodsMapper.selectByExample      : <==      Total: 9
2019-10-16 10:14:47.830 DEBUG 25272 --- [http-nio-8360-exec-2] c.n.n.m.C.listSecondCategory             : ==>  Preparing: SELECT `id` FROM `nideshop_category` WHERE ( `parent_id` = ? ) LIMIT 100; 
2019-10-16 10:14:47.830 DEBUG 25272 --- [http-nio-8360-exec-2] c.n.n.m.C.listSecondCategory             : ==> Parameters: 1011000(Integer)
2019-10-16 10:14:47.831 DEBUG 25272 --- [http-nio-8360-exec-2] c.n.n.m.C.listSecondCategory             : <==      Total: 7
2019-10-16 10:14:47.845 DEBUG 25272 --- [http-nio-8360-exec-2] c.n.n.m.GoodsMapper.selectByExample      : ==>  Preparing: SELECT id , name , list_pic_url , retail_price FROM nideshop_goods WHERE ( ( category_id in ( ? , ? , ? , ? , ? , ? , ? ) ) ) 
2019-10-16 10:14:47.845 DEBUG 25272 --- [http-nio-8360-exec-2] c.n.n.m.GoodsMapper.selectByExample      : ==> Parameters: 1011001(Integer), 1020003(Integer), 1020004(Integer), 1020005(Integer), 1020006(Integer), 1020007(Integer), 1034001(Integer)
2019-10-16 10:14:47.848 DEBUG 25272 --- [http-nio-8360-exec-2] c.n.n.m.GoodsMapper.selectByExample      : <==      Total: 9
2019-10-16 10:14:47.848 DEBUG 25272 --- [http-nio-8360-exec-2] c.n.n.m.C.listSecondCategory             : ==>  Preparing: SELECT `id` FROM `nideshop_category` WHERE ( `parent_id` = ? ) LIMIT 100; 
2019-10-16 10:14:47.849 DEBUG 25272 --- [http-nio-8360-exec-2] c.n.n.m.C.listSecondCategory             : ==> Parameters: 1012000(Integer)
2019-10-16 10:14:47.850 DEBUG 25272 --- [http-nio-8360-exec-2] c.n.n.m.C.listSecondCategory             : <==      Total: 10
2019-10-16 10:14:47.852 DEBUG 25272 --- [http-nio-8360-exec-2] c.n.n.m.GoodsMapper.selectByExample      : ==>  Preparing: SELECT id , name , list_pic_url , retail_price FROM nideshop_goods WHERE ( ( category_id in ( ? , ? , ? , ? , ? , ? , ? , ? , ? , ? ) ) ) 
2019-10-16 10:14:47.852 DEBUG 25272 --- [http-nio-8360-exec-2] c.n.n.m.GoodsMapper.selectByExample      : ==> Parameters: 1008005(Integer), 1008006(Integer), 1008017(Integer), 1011002(Integer), 1012002(Integer), 1012003(Integer), 1020000(Integer), 1021000(Integer), 1036001(Integer), 1036002(Integer)
2019-10-16 10:14:47.854 DEBUG 25272 --- [http-nio-8360-exec-2] c.n.n.m.GoodsMapper.selectByExample      : <==      Total: 9
2019-10-16 10:14:47.855 DEBUG 25272 --- [http-nio-8360-exec-2] c.n.n.m.C.listSecondCategory             : ==>  Preparing: SELECT `id` FROM `nideshop_category` WHERE ( `parent_id` = ? ) LIMIT 100; 
2019-10-16 10:14:47.855 DEBUG 25272 --- [http-nio-8360-exec-2] c.n.n.m.C.listSecondCategory             : ==> Parameters: 1013001(Integer)
2019-10-16 10:14:47.856 DEBUG 25272 --- [http-nio-8360-exec-2] c.n.n.m.C.listSecondCategory             : <==      Total: 7
2019-10-16 10:14:47.862 DEBUG 25272 --- [http-nio-8360-exec-2] c.n.n.m.GoodsMapper.selectByExample      : ==>  Preparing: SELECT id , name , list_pic_url , retail_price FROM nideshop_goods WHERE ( ( category_id in ( ? , ? , ? , ? , ? , ? , ? ) ) ) 
2019-10-16 10:14:47.863 DEBUG 25272 --- [http-nio-8360-exec-2] c.n.n.m.GoodsMapper.selectByExample      : ==> Parameters: 1008001(Integer), 1009000(Integer), 1013002(Integer), 1013003(Integer), 1013004(Integer), 1020001(Integer), 1020002(Integer)
2019-10-16 10:14:47.864 DEBUG 25272 --- [http-nio-8360-exec-2] c.n.n.m.GoodsMapper.selectByExample      : <==      Total: 9
2019-10-16 10:14:47.864 DEBUG 25272 --- [http-nio-8360-exec-2] c.n.n.m.C.listSecondCategory             : ==>  Preparing: SELECT `id` FROM `nideshop_category` WHERE ( `parent_id` = ? ) LIMIT 100; 
2019-10-16 10:14:47.864 DEBUG 25272 --- [http-nio-8360-exec-2] c.n.n.m.C.listSecondCategory             : ==> Parameters: 1019000(Integer)
2019-10-16 10:14:47.865 DEBUG 25272 --- [http-nio-8360-exec-2] c.n.n.m.C.listSecondCategory             : <==      Total: 11
2019-10-16 10:14:47.866 DEBUG 25272 --- [http-nio-8360-exec-2] c.n.n.m.GoodsMapper.selectByExample      : ==>  Preparing: SELECT id , name , list_pic_url , retail_price FROM nideshop_goods WHERE ( ( category_id in ( ? , ? , ? , ? , ? , ? , ? , ? , ? , ? , ? ) ) ) 
2019-10-16 10:14:47.867 DEBUG 25272 --- [http-nio-8360-exec-2] c.n.n.m.GoodsMapper.selectByExample      : ==> Parameters: 1018000(Integer), 1025000(Integer), 1028001(Integer), 1032000(Integer), 1032001(Integer), 1032002(Integer), 1032003(Integer), 1032004(Integer), 1032005(Integer), 1033000(Integer), 1036004(Integer)
2019-10-16 10:14:47.868 DEBUG 25272 --- [http-nio-8360-exec-2] c.n.n.m.GoodsMapper.selectByExample      : <==      Total: 8
2019-10-16 10:14:50.634 DEBUG 25272 --- [http-nio-8360-exec-3] c.n.n.mapper.GoodsMapper.select          : ==>  Preparing: SELECT id,category_id,goods_sn,name,brand_id,goods_number,keywords,goods_brief,goods_desc,is_on_sale,add_time,sort_order,is_delete,attribute_category,counter_price,extra_price,is_new,goods_unit,primary_pic_url,list_pic_url,retail_price,sell_volume,primary_product_id,unit_price,promotion_desc,promotion_tag,app_exclusive_price,is_app_exclusive,is_limited,is_hot FROM nideshop_goods WHERE is_new = ? 
2019-10-16 10:14:50.635 DEBUG 25272 --- [http-nio-8360-exec-3] c.n.n.mapper.GoodsMapper.select          : ==> Parameters: 1(Integer)
2019-10-16 10:14:50.639 DEBUG 25272 --- [http-nio-8360-exec-3] c.n.n.mapper.GoodsMapper.select          : <==      Total: 11
2019-10-16 10:14:50.640 DEBUG 25272 --- [http-nio-8360-exec-3] c.n.n.mapper.GoodsMapper.select          : ==>  Preparing: SELECT id,category_id,goods_sn,name,brand_id,goods_number,keywords,goods_brief,goods_desc,is_on_sale,add_time,sort_order,is_delete,attribute_category,counter_price,extra_price,is_new,goods_unit,primary_pic_url,list_pic_url,retail_price,sell_volume,primary_product_id,unit_price,promotion_desc,promotion_tag,app_exclusive_price,is_app_exclusive,is_limited,is_hot FROM nideshop_goods WHERE is_hot = ? 
2019-10-16 10:14:50.640 DEBUG 25272 --- [http-nio-8360-exec-3] c.n.n.mapper.GoodsMapper.select          : ==> Parameters: 1(Integer)
2019-10-16 10:14:50.646 DEBUG 25272 --- [http-nio-8360-exec-3] c.n.n.mapper.GoodsMapper.select          : <==      Total: 24
2019-10-16 10:14:50.647 DEBUG 25272 --- [http-nio-8360-exec-3] c.n.n.mapper.AdMapper.select             : ==>  Preparing: SELECT id,ad_position_id,media_type,name,link,image_url,content,end_time,enabled FROM nideshop_ad WHERE ad_position_id = ? 
2019-10-16 10:14:50.648 DEBUG 25272 --- [http-nio-8360-exec-3] c.n.n.mapper.AdMapper.select             : ==> Parameters: 1(Integer)
2019-10-16 10:14:50.649 DEBUG 25272 --- [http-nio-8360-exec-3] c.n.n.mapper.AdMapper.select             : <==      Total: 3
2019-10-16 10:14:50.651 DEBUG 25272 --- [http-nio-8360-exec-3] c.n.n.m.ChannelMapper.selectByExample    : ==>  Preparing: SELECT id,name,url,icon_url,sort_order FROM nideshop_channel order by sort_order ASC 
2019-10-16 10:14:50.651 DEBUG 25272 --- [http-nio-8360-exec-3] c.n.n.m.ChannelMapper.selectByExample    : ==> Parameters: 
2019-10-16 10:14:50.652 DEBUG 25272 --- [http-nio-8360-exec-4] c.n.n.mapper.GoodsMapper.goodsCount      : ==>  Preparing: SELECT COUNT(`id`) AS think_count FROM `nideshop_goods` WHERE ( `is_delete` = 0 ) AND ( `is_on_sale` = 1 ) LIMIT 1 
2019-10-16 10:14:50.652 DEBUG 25272 --- [http-nio-8360-exec-4] c.n.n.mapper.GoodsMapper.goodsCount      : ==> Parameters: 
2019-10-16 10:14:50.653 DEBUG 25272 --- [http-nio-8360-exec-3] c.n.n.m.ChannelMapper.selectByExample    : <==      Total: 5
2019-10-16 10:14:50.653 DEBUG 25272 --- [http-nio-8360-exec-3] c.n.n.mapper.TopicMapper.selectAll       : ==>  Preparing: SELECT id,title,content,avatar,item_pic_url,subtitle,topic_category_id,price_info,read_count,scene_pic_url,topic_template_id,topic_tag_id,sort_order,is_show FROM nideshop_topic 
2019-10-16 10:14:50.654 DEBUG 25272 --- [http-nio-8360-exec-3] c.n.n.mapper.TopicMapper.selectAll       : ==> Parameters: 
2019-10-16 10:14:50.654 DEBUG 25272 --- [http-nio-8360-exec-4] c.n.n.mapper.GoodsMapper.goodsCount      : <==      Total: 1
2019-10-16 10:14:50.656 DEBUG 25272 --- [http-nio-8360-exec-3] c.n.n.mapper.TopicMapper.selectAll       : <==      Total: 20
2019-10-16 10:14:50.657 DEBUG 25272 --- [http-nio-8360-exec-3] c.n.n.mapper.BrandMapper.list            : ==>  Preparing: SELECT id , name as 'name' , list_pic_url as 'listPicUrl', simple_desc as 'simpleDesc' , pic_url as 'picUrl' ,sort_order as sortOrder ,is_show as isShow ,floor_price as floorPrice, app_list_pic_url as 'appListPicUrl' ,is_new as isNew, new_pic_url as 'newPicUrl',new_sort_order as newSortOrder FROM `nideshop_brand` WHERE ( `is_new` = 1 ) ORDER BY `new_sort_order` asc LIMIT 4 
2019-10-16 10:14:50.658 DEBUG 25272 --- [http-nio-8360-exec-3] c.n.n.mapper.BrandMapper.list            : ==> Parameters: 
2019-10-16 10:14:50.660 DEBUG 25272 --- [http-nio-8360-exec-3] c.n.n.mapper.BrandMapper.list            : <==      Total: 4
2019-10-16 10:14:50.661 DEBUG 25272 --- [http-nio-8360-exec-3] c.n.n.m.C.listParentCategory             : ==>  Preparing: SELECT * FROM `nideshop_category` WHERE ( `parent_id` = 0 ) AND ( `name` != '推荐' ) 
2019-10-16 10:14:50.661 DEBUG 25272 --- [http-nio-8360-exec-3] c.n.n.m.C.listParentCategory             : ==> Parameters: 
2019-10-16 10:14:50.665 DEBUG 25272 --- [http-nio-8360-exec-3] c.n.n.m.C.listParentCategory             : <==      Total: 9
2019-10-16 10:14:50.665 DEBUG 25272 --- [http-nio-8360-exec-3] c.n.n.m.C.listSecondCategory             : ==>  Preparing: SELECT `id` FROM `nideshop_category` WHERE ( `parent_id` = ? ) LIMIT 100; 
2019-10-16 10:14:50.665 DEBUG 25272 --- [http-nio-8360-exec-3] c.n.n.m.C.listSecondCategory             : ==> Parameters: 1005000(Integer)
2019-10-16 10:14:50.667 DEBUG 25272 --- [http-nio-8360-exec-3] c.n.n.m.C.listSecondCategory             : <==      Total: 10
2019-10-16 10:14:50.670 DEBUG 25272 --- [http-nio-8360-exec-3] c.n.n.m.GoodsMapper.selectByExample      : ==>  Preparing: SELECT id , name , list_pic_url , retail_price FROM nideshop_goods WHERE ( ( category_id in ( ? , ? , ? , ? , ? , ? , ? , ? , ? , ? ) ) ) 
2019-10-16 10:14:50.670 DEBUG 25272 --- [http-nio-8360-exec-3] c.n.n.m.GoodsMapper.selectByExample      : ==> Parameters: 1008002(Integer), 1008008(Integer), 1008009(Integer), 1008016(Integer), 1010003(Integer), 1011003(Integer), 1011004(Integer), 1015000(Integer), 1017000(Integer), 1036000(Integer)
2019-10-16 10:14:50.684 DEBUG 25272 --- [http-nio-8360-exec-3] c.n.n.m.GoodsMapper.selectByExample      : <==      Total: 170
2019-10-16 10:14:50.684 DEBUG 25272 --- [http-nio-8360-exec-3] c.n.n.m.C.listSecondCategory             : ==>  Preparing: SELECT `id` FROM `nideshop_category` WHERE ( `parent_id` = ? ) LIMIT 100; 
2019-10-16 10:14:50.685 DEBUG 25272 --- [http-nio-8360-exec-3] c.n.n.m.C.listSecondCategory             : ==> Parameters: 1005001(Integer)
2019-10-16 10:14:50.686 DEBUG 25272 --- [http-nio-8360-exec-3] c.n.n.m.C.listSecondCategory             : <==      Total: 9
2019-10-16 10:14:50.688 DEBUG 25272 --- [http-nio-8360-exec-3] c.n.n.m.GoodsMapper.selectByExample      : ==>  Preparing: SELECT id , name , list_pic_url , retail_price FROM nideshop_goods WHERE ( ( category_id in ( ? , ? , ? , ? , ? , ? , ? , ? , ? ) ) ) 
2019-10-16 10:14:50.689 DEBUG 25272 --- [http-nio-8360-exec-3] c.n.n.m.GoodsMapper.selectByExample      : ==> Parameters: 1005007(Integer), 1005008(Integer), 1005009(Integer), 1007000(Integer), 1008011(Integer), 1008012(Integer), 1008013(Integer), 1013005(Integer), 1023000(Integer)
2019-10-16 10:14:50.690 DEBUG 25272 --- [http-nio-8360-exec-3] c.n.n.m.GoodsMapper.selectByExample      : <==      Total: 9
2019-10-16 10:14:50.691 DEBUG 25272 --- [http-nio-8360-exec-3] c.n.n.m.C.listSecondCategory             : ==>  Preparing: SELECT `id` FROM `nideshop_category` WHERE ( `parent_id` = ? ) LIMIT 100; 
2019-10-16 10:14:50.691 DEBUG 25272 --- [http-nio-8360-exec-3] c.n.n.m.C.listSecondCategory             : ==> Parameters: 1005002(Integer)
2019-10-16 10:14:50.693 DEBUG 25272 --- [http-nio-8360-exec-3] c.n.n.m.C.listSecondCategory             : <==      Total: 10
2019-10-16 10:14:50.695 DEBUG 25272 --- [http-nio-8360-exec-3] c.n.n.m.GoodsMapper.selectByExample      : ==>  Preparing: SELECT id , name , list_pic_url , retail_price FROM nideshop_goods WHERE ( ( category_id in ( ? , ? , ? , ? , ? , ? , ? , ? , ? , ? ) ) ) 
2019-10-16 10:14:50.696 DEBUG 25272 --- [http-nio-8360-exec-3] c.n.n.m.GoodsMapper.selectByExample      : ==> Parameters: 1005010(Integer), 1005011(Integer), 1005012(Integer), 1005013(Integer), 1008014(Integer), 1008015(Integer), 1027000(Integer), 1027001(Integer), 1035003(Integer), 1036003(Integer)
2019-10-16 10:14:50.697 DEBUG 25272 --- [http-nio-8360-exec-3] c.n.n.m.GoodsMapper.selectByExample      : <==      Total: 9
2019-10-16 10:14:50.698 DEBUG 25272 --- [http-nio-8360-exec-3] c.n.n.m.C.listSecondCategory             : ==>  Preparing: SELECT `id` FROM `nideshop_category` WHERE ( `parent_id` = ? ) LIMIT 100; 
2019-10-16 10:14:50.698 DEBUG 25272 --- [http-nio-8360-exec-3] c.n.n.m.C.listSecondCategory             : ==> Parameters: 1008000(Integer)
2019-10-16 10:14:50.699 DEBUG 25272 --- [http-nio-8360-exec-3] c.n.n.m.C.listSecondCategory             : <==      Total: 9
2019-10-16 10:14:50.700 DEBUG 25272 --- [http-nio-8360-exec-3] c.n.n.m.GoodsMapper.selectByExample      : ==>  Preparing: SELECT id , name , list_pic_url , retail_price FROM nideshop_goods WHERE ( ( category_id in ( ? , ? , ? , ? , ? , ? , ? , ? , ? ) ) ) 
2019-10-16 10:14:50.701 DEBUG 25272 --- [http-nio-8360-exec-3] c.n.n.m.GoodsMapper.selectByExample      : ==> Parameters: 1008003(Integer), 1008007(Integer), 1008010(Integer), 1008018(Integer), 1010004(Integer), 1012001(Integer), 1013000(Integer), 1020008(Integer), 1022000(Integer)
2019-10-16 10:14:50.702 DEBUG 25272 --- [http-nio-8360-exec-3] c.n.n.m.GoodsMapper.selectByExample      : <==      Total: 7
2019-10-16 10:14:50.702 DEBUG 25272 --- [http-nio-8360-exec-3] c.n.n.m.C.listSecondCategory             : ==>  Preparing: SELECT `id` FROM `nideshop_category` WHERE ( `parent_id` = ? ) LIMIT 100; 
2019-10-16 10:14:50.703 DEBUG 25272 --- [http-nio-8360-exec-3] c.n.n.m.C.listSecondCategory             : ==> Parameters: 1010000(Integer)
2019-10-16 10:14:50.703 DEBUG 25272 --- [http-nio-8360-exec-3] c.n.n.m.C.listSecondCategory             : <==      Total: 11
2019-10-16 10:14:50.705 DEBUG 25272 --- [http-nio-8360-exec-3] c.n.n.m.GoodsMapper.selectByExample      : ==>  Preparing: SELECT id , name , list_pic_url , retail_price FROM nideshop_goods WHERE ( ( category_id in ( ? , ? , ? , ? , ? , ? , ? , ? , ? , ? , ? ) ) ) 
2019-10-16 10:14:50.706 DEBUG 25272 --- [http-nio-8360-exec-3] c.n.n.m.GoodsMapper.selectByExample      : ==> Parameters: 1008004(Integer), 1010001(Integer), 1010002(Integer), 1013006(Integer), 1015001(Integer), 1020009(Integer), 1020010(Integer), 1034000(Integer), 1035000(Integer), 1035001(Integer), 1035002(Integer)
2019-10-16 10:14:50.707 DEBUG 25272 --- [http-nio-8360-exec-3] c.n.n.m.GoodsMapper.selectByExample      : <==      Total: 9
2019-10-16 10:14:50.707 DEBUG 25272 --- [http-nio-8360-exec-3] c.n.n.m.C.listSecondCategory             : ==>  Preparing: SELECT `id` FROM `nideshop_category` WHERE ( `parent_id` = ? ) LIMIT 100; 
2019-10-16 10:14:50.707 DEBUG 25272 --- [http-nio-8360-exec-3] c.n.n.m.C.listSecondCategory             : ==> Parameters: 1011000(Integer)
2019-10-16 10:14:50.708 DEBUG 25272 --- [http-nio-8360-exec-3] c.n.n.m.C.listSecondCategory             : <==      Total: 7
2019-10-16 10:14:50.710 DEBUG 25272 --- [http-nio-8360-exec-3] c.n.n.m.GoodsMapper.selectByExample      : ==>  Preparing: SELECT id , name , list_pic_url , retail_price FROM nideshop_goods WHERE ( ( category_id in ( ? , ? , ? , ? , ? , ? , ? ) ) ) 
2019-10-16 10:14:50.711 DEBUG 25272 --- [http-nio-8360-exec-3] c.n.n.m.GoodsMapper.selectByExample      : ==> Parameters: 1011001(Integer), 1020003(Integer), 1020004(Integer), 1020005(Integer), 1020006(Integer), 1020007(Integer), 1034001(Integer)
2019-10-16 10:14:50.713 DEBUG 25272 --- [http-nio-8360-exec-3] c.n.n.m.GoodsMapper.selectByExample      : <==      Total: 9
2019-10-16 10:14:50.713 DEBUG 25272 --- [http-nio-8360-exec-3] c.n.n.m.C.listSecondCategory             : ==>  Preparing: SELECT `id` FROM `nideshop_category` WHERE ( `parent_id` = ? ) LIMIT 100; 
2019-10-16 10:14:50.714 DEBUG 25272 --- [http-nio-8360-exec-3] c.n.n.m.C.listSecondCategory             : ==> Parameters: 1012000(Integer)
2019-10-16 10:14:50.715 DEBUG 25272 --- [http-nio-8360-exec-3] c.n.n.m.C.listSecondCategory             : <==      Total: 10
2019-10-16 10:14:50.718 DEBUG 25272 --- [http-nio-8360-exec-3] c.n.n.m.GoodsMapper.selectByExample      : ==>  Preparing: SELECT id , name , list_pic_url , retail_price FROM nideshop_goods WHERE ( ( category_id in ( ? , ? , ? , ? , ? , ? , ? , ? , ? , ? ) ) ) 
2019-10-16 10:14:50.719 DEBUG 25272 --- [http-nio-8360-exec-3] c.n.n.m.GoodsMapper.selectByExample      : ==> Parameters: 1008005(Integer), 1008006(Integer), 1008017(Integer), 1011002(Integer), 1012002(Integer), 1012003(Integer), 1020000(Integer), 1021000(Integer), 1036001(Integer), 1036002(Integer)
2019-10-16 10:14:50.720 DEBUG 25272 --- [http-nio-8360-exec-3] c.n.n.m.GoodsMapper.selectByExample      : <==      Total: 9
2019-10-16 10:14:50.721 DEBUG 25272 --- [http-nio-8360-exec-3] c.n.n.m.C.listSecondCategory             : ==>  Preparing: SELECT `id` FROM `nideshop_category` WHERE ( `parent_id` = ? ) LIMIT 100; 
2019-10-16 10:14:50.721 DEBUG 25272 --- [http-nio-8360-exec-3] c.n.n.m.C.listSecondCategory             : ==> Parameters: 1013001(Integer)
2019-10-16 10:14:50.722 DEBUG 25272 --- [http-nio-8360-exec-3] c.n.n.m.C.listSecondCategory             : <==      Total: 7
2019-10-16 10:14:50.723 DEBUG 25272 --- [http-nio-8360-exec-3] c.n.n.m.GoodsMapper.selectByExample      : ==>  Preparing: SELECT id , name , list_pic_url , retail_price FROM nideshop_goods WHERE ( ( category_id in ( ? , ? , ? , ? , ? , ? , ? ) ) ) 
2019-10-16 10:14:50.723 DEBUG 25272 --- [http-nio-8360-exec-3] c.n.n.m.GoodsMapper.selectByExample      : ==> Parameters: 1008001(Integer), 1009000(Integer), 1013002(Integer), 1013003(Integer), 1013004(Integer), 1020001(Integer), 1020002(Integer)
2019-10-16 10:14:50.724 DEBUG 25272 --- [http-nio-8360-exec-3] c.n.n.m.GoodsMapper.selectByExample      : <==      Total: 9
2019-10-16 10:14:50.725 DEBUG 25272 --- [http-nio-8360-exec-3] c.n.n.m.C.listSecondCategory             : ==>  Preparing: SELECT `id` FROM `nideshop_category` WHERE ( `parent_id` = ? ) LIMIT 100; 
2019-10-16 10:14:50.725 DEBUG 25272 --- [http-nio-8360-exec-3] c.n.n.m.C.listSecondCategory             : ==> Parameters: 1019000(Integer)
2019-10-16 10:14:50.726 DEBUG 25272 --- [http-nio-8360-exec-3] c.n.n.m.C.listSecondCategory             : <==      Total: 11
2019-10-16 10:14:50.727 DEBUG 25272 --- [http-nio-8360-exec-3] c.n.n.m.GoodsMapper.selectByExample      : ==>  Preparing: SELECT id , name , list_pic_url , retail_price FROM nideshop_goods WHERE ( ( category_id in ( ? , ? , ? , ? , ? , ? , ? , ? , ? , ? , ? ) ) ) 
2019-10-16 10:14:50.727 DEBUG 25272 --- [http-nio-8360-exec-3] c.n.n.m.GoodsMapper.selectByExample      : ==> Parameters: 1018000(Integer), 1025000(Integer), 1028001(Integer), 1032000(Integer), 1032001(Integer), 1032002(Integer), 1032003(Integer), 1032004(Integer), 1032005(Integer), 1033000(Integer), 1036004(Integer)
2019-10-16 10:14:50.729 DEBUG 25272 --- [http-nio-8360-exec-3] c.n.n.m.GoodsMapper.selectByExample      : <==      Total: 8
2019-10-16 10:16:14.227 DEBUG 25272 --- [http-nio-8360-exec-7] c.n.n.mapper.GoodsMapper.select          : ==>  Preparing: SELECT id,category_id,goods_sn,name,brand_id,goods_number,keywords,goods_brief,goods_desc,is_on_sale,add_time,sort_order,is_delete,attribute_category,counter_price,extra_price,is_new,goods_unit,primary_pic_url,list_pic_url,retail_price,sell_volume,primary_product_id,unit_price,promotion_desc,promotion_tag,app_exclusive_price,is_app_exclusive,is_limited,is_hot FROM nideshop_goods WHERE is_new = ? 
2019-10-16 10:16:14.228 DEBUG 25272 --- [http-nio-8360-exec-7] c.n.n.mapper.GoodsMapper.select          : ==> Parameters: 1(Integer)
2019-10-16 10:16:14.230 DEBUG 25272 --- [http-nio-8360-exec-7] c.n.n.mapper.GoodsMapper.select          : <==      Total: 11
2019-10-16 10:16:14.231 DEBUG 25272 --- [http-nio-8360-exec-7] c.n.n.mapper.GoodsMapper.select          : ==>  Preparing: SELECT id,category_id,goods_sn,name,brand_id,goods_number,keywords,goods_brief,goods_desc,is_on_sale,add_time,sort_order,is_delete,attribute_category,counter_price,extra_price,is_new,goods_unit,primary_pic_url,list_pic_url,retail_price,sell_volume,primary_product_id,unit_price,promotion_desc,promotion_tag,app_exclusive_price,is_app_exclusive,is_limited,is_hot FROM nideshop_goods WHERE is_hot = ? 
2019-10-16 10:16:14.231 DEBUG 25272 --- [http-nio-8360-exec-7] c.n.n.mapper.GoodsMapper.select          : ==> Parameters: 1(Integer)
2019-10-16 10:16:14.236 DEBUG 25272 --- [http-nio-8360-exec-7] c.n.n.mapper.GoodsMapper.select          : <==      Total: 24
2019-10-16 10:16:14.237 DEBUG 25272 --- [http-nio-8360-exec-7] c.n.n.mapper.AdMapper.select             : ==>  Preparing: SELECT id,ad_position_id,media_type,name,link,image_url,content,end_time,enabled FROM nideshop_ad WHERE ad_position_id = ? 
2019-10-16 10:16:14.238 DEBUG 25272 --- [http-nio-8360-exec-7] c.n.n.mapper.AdMapper.select             : ==> Parameters: 1(Integer)
2019-10-16 10:16:14.241 DEBUG 25272 --- [http-nio-8360-exec-7] c.n.n.mapper.AdMapper.select             : <==      Total: 3
2019-10-16 10:16:14.242 DEBUG 25272 --- [http-nio-8360-exec-7] c.n.n.m.ChannelMapper.selectByExample    : ==>  Preparing: SELECT id,name,url,icon_url,sort_order FROM nideshop_channel order by sort_order ASC 
2019-10-16 10:16:14.243 DEBUG 25272 --- [http-nio-8360-exec-7] c.n.n.m.ChannelMapper.selectByExample    : ==> Parameters: 
2019-10-16 10:16:14.245 DEBUG 25272 --- [http-nio-8360-exec-7] c.n.n.m.ChannelMapper.selectByExample    : <==      Total: 5
2019-10-16 10:16:14.245 DEBUG 25272 --- [http-nio-8360-exec-7] c.n.n.mapper.TopicMapper.selectAll       : ==>  Preparing: SELECT id,title,content,avatar,item_pic_url,subtitle,topic_category_id,price_info,read_count,scene_pic_url,topic_template_id,topic_tag_id,sort_order,is_show FROM nideshop_topic 
2019-10-16 10:16:14.245 DEBUG 25272 --- [http-nio-8360-exec-7] c.n.n.mapper.TopicMapper.selectAll       : ==> Parameters: 
2019-10-16 10:16:14.248 DEBUG 25272 --- [http-nio-8360-exec-7] c.n.n.mapper.TopicMapper.selectAll       : <==      Total: 20
2019-10-16 10:16:14.249 DEBUG 25272 --- [http-nio-8360-exec-7] c.n.n.mapper.BrandMapper.list            : ==>  Preparing: SELECT id , name as 'name' , list_pic_url as 'listPicUrl', simple_desc as 'simpleDesc' , pic_url as 'picUrl' ,sort_order as sortOrder ,is_show as isShow ,floor_price as floorPrice, app_list_pic_url as 'appListPicUrl' ,is_new as isNew, new_pic_url as 'newPicUrl',new_sort_order as newSortOrder FROM `nideshop_brand` WHERE ( `is_new` = 1 ) ORDER BY `new_sort_order` asc LIMIT 4 
2019-10-16 10:16:14.249 DEBUG 25272 --- [http-nio-8360-exec-7] c.n.n.mapper.BrandMapper.list            : ==> Parameters: 
2019-10-16 10:16:14.251 DEBUG 25272 --- [http-nio-8360-exec-8] c.n.n.mapper.GoodsMapper.goodsCount      : ==>  Preparing: SELECT COUNT(`id`) AS think_count FROM `nideshop_goods` WHERE ( `is_delete` = 0 ) AND ( `is_on_sale` = 1 ) LIMIT 1 
2019-10-16 10:16:14.251 DEBUG 25272 --- [http-nio-8360-exec-8] c.n.n.mapper.GoodsMapper.goodsCount      : ==> Parameters: 
2019-10-16 10:16:14.251 DEBUG 25272 --- [http-nio-8360-exec-7] c.n.n.mapper.BrandMapper.list            : <==      Total: 4
2019-10-16 10:16:14.252 DEBUG 25272 --- [http-nio-8360-exec-7] c.n.n.m.C.listParentCategory             : ==>  Preparing: SELECT * FROM `nideshop_category` WHERE ( `parent_id` = 0 ) AND ( `name` != '推荐' ) 
2019-10-16 10:16:14.252 DEBUG 25272 --- [http-nio-8360-exec-7] c.n.n.m.C.listParentCategory             : ==> Parameters: 
2019-10-16 10:16:14.252 DEBUG 25272 --- [http-nio-8360-exec-8] c.n.n.mapper.GoodsMapper.goodsCount      : <==      Total: 1
2019-10-16 10:16:14.253 DEBUG 25272 --- [http-nio-8360-exec-7] c.n.n.m.C.listParentCategory             : <==      Total: 9
2019-10-16 10:16:14.254 DEBUG 25272 --- [http-nio-8360-exec-7] c.n.n.m.C.listSecondCategory             : ==>  Preparing: SELECT `id` FROM `nideshop_category` WHERE ( `parent_id` = ? ) LIMIT 100; 
2019-10-16 10:16:14.254 DEBUG 25272 --- [http-nio-8360-exec-7] c.n.n.m.C.listSecondCategory             : ==> Parameters: 1005000(Integer)
2019-10-16 10:16:14.256 DEBUG 25272 --- [http-nio-8360-exec-7] c.n.n.m.C.listSecondCategory             : <==      Total: 10
2019-10-16 10:16:14.258 DEBUG 25272 --- [http-nio-8360-exec-7] c.n.n.m.GoodsMapper.selectByExample      : ==>  Preparing: SELECT id , name , list_pic_url , retail_price FROM nideshop_goods WHERE ( ( category_id in ( ? , ? , ? , ? , ? , ? , ? , ? , ? , ? ) ) ) 
2019-10-16 10:16:14.259 DEBUG 25272 --- [http-nio-8360-exec-7] c.n.n.m.GoodsMapper.selectByExample      : ==> Parameters: 1008002(Integer), 1008008(Integer), 1008009(Integer), 1008016(Integer), 1010003(Integer), 1011003(Integer), 1011004(Integer), 1015000(Integer), 1017000(Integer), 1036000(Integer)
2019-10-16 10:16:14.264 DEBUG 25272 --- [http-nio-8360-exec-7] c.n.n.m.GoodsMapper.selectByExample      : <==      Total: 170
2019-10-16 10:16:14.264 DEBUG 25272 --- [http-nio-8360-exec-7] c.n.n.m.C.listSecondCategory             : ==>  Preparing: SELECT `id` FROM `nideshop_category` WHERE ( `parent_id` = ? ) LIMIT 100; 
2019-10-16 10:16:14.264 DEBUG 25272 --- [http-nio-8360-exec-7] c.n.n.m.C.listSecondCategory             : ==> Parameters: 1005001(Integer)
2019-10-16 10:16:14.266 DEBUG 25272 --- [http-nio-8360-exec-7] c.n.n.m.C.listSecondCategory             : <==      Total: 9
2019-10-16 10:16:14.268 DEBUG 25272 --- [http-nio-8360-exec-7] c.n.n.m.GoodsMapper.selectByExample      : ==>  Preparing: SELECT id , name , list_pic_url , retail_price FROM nideshop_goods WHERE ( ( category_id in ( ? , ? , ? , ? , ? , ? , ? , ? , ? ) ) ) 
2019-10-16 10:16:14.268 DEBUG 25272 --- [http-nio-8360-exec-7] c.n.n.m.GoodsMapper.selectByExample      : ==> Parameters: 1005007(Integer), 1005008(Integer), 1005009(Integer), 1007000(Integer), 1008011(Integer), 1008012(Integer), 1008013(Integer), 1013005(Integer), 1023000(Integer)
2019-10-16 10:16:14.270 DEBUG 25272 --- [http-nio-8360-exec-7] c.n.n.m.GoodsMapper.selectByExample      : <==      Total: 9
2019-10-16 10:16:14.270 DEBUG 25272 --- [http-nio-8360-exec-7] c.n.n.m.C.listSecondCategory             : ==>  Preparing: SELECT `id` FROM `nideshop_category` WHERE ( `parent_id` = ? ) LIMIT 100; 
2019-10-16 10:16:14.270 DEBUG 25272 --- [http-nio-8360-exec-7] c.n.n.m.C.listSecondCategory             : ==> Parameters: 1005002(Integer)
2019-10-16 10:16:14.271 DEBUG 25272 --- [http-nio-8360-exec-7] c.n.n.m.C.listSecondCategory             : <==      Total: 10
2019-10-16 10:16:14.272 DEBUG 25272 --- [http-nio-8360-exec-7] c.n.n.m.GoodsMapper.selectByExample      : ==>  Preparing: SELECT id , name , list_pic_url , retail_price FROM nideshop_goods WHERE ( ( category_id in ( ? , ? , ? , ? , ? , ? , ? , ? , ? , ? ) ) ) 
2019-10-16 10:16:14.273 DEBUG 25272 --- [http-nio-8360-exec-7] c.n.n.m.GoodsMapper.selectByExample      : ==> Parameters: 1005010(Integer), 1005011(Integer), 1005012(Integer), 1005013(Integer), 1008014(Integer), 1008015(Integer), 1027000(Integer), 1027001(Integer), 1035003(Integer), 1036003(Integer)
2019-10-16 10:16:14.275 DEBUG 25272 --- [http-nio-8360-exec-7] c.n.n.m.GoodsMapper.selectByExample      : <==      Total: 9
2019-10-16 10:16:14.275 DEBUG 25272 --- [http-nio-8360-exec-7] c.n.n.m.C.listSecondCategory             : ==>  Preparing: SELECT `id` FROM `nideshop_category` WHERE ( `parent_id` = ? ) LIMIT 100; 
2019-10-16 10:16:14.276 DEBUG 25272 --- [http-nio-8360-exec-7] c.n.n.m.C.listSecondCategory             : ==> Parameters: 1008000(Integer)
2019-10-16 10:16:14.277 DEBUG 25272 --- [http-nio-8360-exec-7] c.n.n.m.C.listSecondCategory             : <==      Total: 9
2019-10-16 10:16:14.278 DEBUG 25272 --- [http-nio-8360-exec-7] c.n.n.m.GoodsMapper.selectByExample      : ==>  Preparing: SELECT id , name , list_pic_url , retail_price FROM nideshop_goods WHERE ( ( category_id in ( ? , ? , ? , ? , ? , ? , ? , ? , ? ) ) ) 
2019-10-16 10:16:14.279 DEBUG 25272 --- [http-nio-8360-exec-7] c.n.n.m.GoodsMapper.selectByExample      : ==> Parameters: 1008003(Integer), 1008007(Integer), 1008010(Integer), 1008018(Integer), 1010004(Integer), 1012001(Integer), 1013000(Integer), 1020008(Integer), 1022000(Integer)
2019-10-16 10:16:14.281 DEBUG 25272 --- [http-nio-8360-exec-7] c.n.n.m.GoodsMapper.selectByExample      : <==      Total: 7
2019-10-16 10:16:14.281 DEBUG 25272 --- [http-nio-8360-exec-7] c.n.n.m.C.listSecondCategory             : ==>  Preparing: SELECT `id` FROM `nideshop_category` WHERE ( `parent_id` = ? ) LIMIT 100; 
2019-10-16 10:16:14.282 DEBUG 25272 --- [http-nio-8360-exec-7] c.n.n.m.C.listSecondCategory             : ==> Parameters: 1010000(Integer)
2019-10-16 10:16:14.284 DEBUG 25272 --- [http-nio-8360-exec-7] c.n.n.m.C.listSecondCategory             : <==      Total: 11
2019-10-16 10:16:14.285 DEBUG 25272 --- [http-nio-8360-exec-7] c.n.n.m.GoodsMapper.selectByExample      : ==>  Preparing: SELECT id , name , list_pic_url , retail_price FROM nideshop_goods WHERE ( ( category_id in ( ? , ? , ? , ? , ? , ? , ? , ? , ? , ? , ? ) ) ) 
2019-10-16 10:16:14.286 DEBUG 25272 --- [http-nio-8360-exec-7] c.n.n.m.GoodsMapper.selectByExample      : ==> Parameters: 1008004(Integer), 1010001(Integer), 1010002(Integer), 1013006(Integer), 1015001(Integer), 1020009(Integer), 1020010(Integer), 1034000(Integer), 1035000(Integer), 1035001(Integer), 1035002(Integer)
2019-10-16 10:16:14.287 DEBUG 25272 --- [http-nio-8360-exec-7] c.n.n.m.GoodsMapper.selectByExample      : <==      Total: 9
2019-10-16 10:16:14.288 DEBUG 25272 --- [http-nio-8360-exec-7] c.n.n.m.C.listSecondCategory             : ==>  Preparing: SELECT `id` FROM `nideshop_category` WHERE ( `parent_id` = ? ) LIMIT 100; 
2019-10-16 10:16:14.288 DEBUG 25272 --- [http-nio-8360-exec-7] c.n.n.m.C.listSecondCategory             : ==> Parameters: 1011000(Integer)
2019-10-16 10:16:14.289 DEBUG 25272 --- [http-nio-8360-exec-7] c.n.n.m.C.listSecondCategory             : <==      Total: 7
2019-10-16 10:16:14.291 DEBUG 25272 --- [http-nio-8360-exec-7] c.n.n.m.GoodsMapper.selectByExample      : ==>  Preparing: SELECT id , name , list_pic_url , retail_price FROM nideshop_goods WHERE ( ( category_id in ( ? , ? , ? , ? , ? , ? , ? ) ) ) 
2019-10-16 10:16:14.291 DEBUG 25272 --- [http-nio-8360-exec-7] c.n.n.m.GoodsMapper.selectByExample      : ==> Parameters: 1011001(Integer), 1020003(Integer), 1020004(Integer), 1020005(Integer), 1020006(Integer), 1020007(Integer), 1034001(Integer)
2019-10-16 10:16:14.293 DEBUG 25272 --- [http-nio-8360-exec-7] c.n.n.m.GoodsMapper.selectByExample      : <==      Total: 9
2019-10-16 10:16:14.294 DEBUG 25272 --- [http-nio-8360-exec-7] c.n.n.m.C.listSecondCategory             : ==>  Preparing: SELECT `id` FROM `nideshop_category` WHERE ( `parent_id` = ? ) LIMIT 100; 
2019-10-16 10:16:14.294 DEBUG 25272 --- [http-nio-8360-exec-7] c.n.n.m.C.listSecondCategory             : ==> Parameters: 1012000(Integer)
2019-10-16 10:16:14.296 DEBUG 25272 --- [http-nio-8360-exec-7] c.n.n.m.C.listSecondCategory             : <==      Total: 10
2019-10-16 10:16:14.297 DEBUG 25272 --- [http-nio-8360-exec-7] c.n.n.m.GoodsMapper.selectByExample      : ==>  Preparing: SELECT id , name , list_pic_url , retail_price FROM nideshop_goods WHERE ( ( category_id in ( ? , ? , ? , ? , ? , ? , ? , ? , ? , ? ) ) ) 
2019-10-16 10:16:14.298 DEBUG 25272 --- [http-nio-8360-exec-7] c.n.n.m.GoodsMapper.selectByExample      : ==> Parameters: 1008005(Integer), 1008006(Integer), 1008017(Integer), 1011002(Integer), 1012002(Integer), 1012003(Integer), 1020000(Integer), 1021000(Integer), 1036001(Integer), 1036002(Integer)
2019-10-16 10:16:14.300 DEBUG 25272 --- [http-nio-8360-exec-7] c.n.n.m.GoodsMapper.selectByExample      : <==      Total: 9
2019-10-16 10:16:14.300 DEBUG 25272 --- [http-nio-8360-exec-7] c.n.n.m.C.listSecondCategory             : ==>  Preparing: SELECT `id` FROM `nideshop_category` WHERE ( `parent_id` = ? ) LIMIT 100; 
2019-10-16 10:16:14.301 DEBUG 25272 --- [http-nio-8360-exec-7] c.n.n.m.C.listSecondCategory             : ==> Parameters: 1013001(Integer)
2019-10-16 10:16:14.302 DEBUG 25272 --- [http-nio-8360-exec-7] c.n.n.m.C.listSecondCategory             : <==      Total: 7
2019-10-16 10:16:14.303 DEBUG 25272 --- [http-nio-8360-exec-7] c.n.n.m.GoodsMapper.selectByExample      : ==>  Preparing: SELECT id , name , list_pic_url , retail_price FROM nideshop_goods WHERE ( ( category_id in ( ? , ? , ? , ? , ? , ? , ? ) ) ) 
2019-10-16 10:16:14.303 DEBUG 25272 --- [http-nio-8360-exec-7] c.n.n.m.GoodsMapper.selectByExample      : ==> Parameters: 1008001(Integer), 1009000(Integer), 1013002(Integer), 1013003(Integer), 1013004(Integer), 1020001(Integer), 1020002(Integer)
2019-10-16 10:16:14.304 DEBUG 25272 --- [http-nio-8360-exec-7] c.n.n.m.GoodsMapper.selectByExample      : <==      Total: 9
2019-10-16 10:16:14.305 DEBUG 25272 --- [http-nio-8360-exec-7] c.n.n.m.C.listSecondCategory             : ==>  Preparing: SELECT `id` FROM `nideshop_category` WHERE ( `parent_id` = ? ) LIMIT 100; 
2019-10-16 10:16:14.305 DEBUG 25272 --- [http-nio-8360-exec-7] c.n.n.m.C.listSecondCategory             : ==> Parameters: 1019000(Integer)
2019-10-16 10:16:14.306 DEBUG 25272 --- [http-nio-8360-exec-7] c.n.n.m.C.listSecondCategory             : <==      Total: 11
2019-10-16 10:16:14.307 DEBUG 25272 --- [http-nio-8360-exec-7] c.n.n.m.GoodsMapper.selectByExample      : ==>  Preparing: SELECT id , name , list_pic_url , retail_price FROM nideshop_goods WHERE ( ( category_id in ( ? , ? , ? , ? , ? , ? , ? , ? , ? , ? , ? ) ) ) 
2019-10-16 10:16:14.307 DEBUG 25272 --- [http-nio-8360-exec-7] c.n.n.m.GoodsMapper.selectByExample      : ==> Parameters: 1018000(Integer), 1025000(Integer), 1028001(Integer), 1032000(Integer), 1032001(Integer), 1032002(Integer), 1032003(Integer), 1032004(Integer), 1032005(Integer), 1033000(Integer), 1036004(Integer)
2019-10-16 10:16:14.308 DEBUG 25272 --- [http-nio-8360-exec-7] c.n.n.m.GoodsMapper.selectByExample      : <==      Total: 8
