2019-11-11 15:44:11.244 [http-nio-8360-exec-1] DEBUG c.newland.nideshopserver.mapper.GoodsMapper.select - ==>  Preparing: SELECT id,category_id,goods_sn,name,brand_id,goods_number,keywords,goods_brief,goods_desc,is_on_sale,add_time,sort_order,is_delete,attribute_category,counter_price,extra_price,is_new,goods_unit,primary_pic_url,list_pic_url,retail_price,sell_volume,primary_product_id,unit_price,promotion_desc,promotion_tag,app_exclusive_price,is_app_exclusive,is_limited,is_hot FROM nideshop_goods WHERE is_new = ? 
2019-11-11 15:44:11.244 [http-nio-8360-exec-2] DEBUG c.n.nideshopserver.mapper.GoodsMapper.goodsCount - ==>  Preparing: SELECT COUNT(`id`) AS think_count FROM `nideshop_goods` WHERE ( `is_delete` = 0 ) AND ( `is_on_sale` = 1 ) LIMIT 1 
2019-11-11 15:44:11.278 [http-nio-8360-exec-1] DEBUG c.newland.nideshopserver.mapper.GoodsMapper.select - ==> Parameters: 1(Integer)
2019-11-11 15:44:11.278 [http-nio-8360-exec-2] DEBUG c.n.nideshopserver.mapper.GoodsMapper.goodsCount - ==> Parameters: 
2019-11-11 15:44:11.318 [http-nio-8360-exec-2] DEBUG c.n.nideshopserver.mapper.GoodsMapper.goodsCount - <==      Total: 1
2019-11-11 15:44:11.326 [http-nio-8360-exec-1] DEBUG c.newland.nideshopserver.mapper.GoodsMapper.select - <==      Total: 11
2019-11-11 15:44:11.327 [http-nio-8360-exec-1] DEBUG c.newland.nideshopserver.mapper.GoodsMapper.select - ==>  Preparing: SELECT id,category_id,goods_sn,name,brand_id,goods_number,keywords,goods_brief,goods_desc,is_on_sale,add_time,sort_order,is_delete,attribute_category,counter_price,extra_price,is_new,goods_unit,primary_pic_url,list_pic_url,retail_price,sell_volume,primary_product_id,unit_price,promotion_desc,promotion_tag,app_exclusive_price,is_app_exclusive,is_limited,is_hot FROM nideshop_goods WHERE is_hot = ? 
2019-11-11 15:44:11.328 [http-nio-8360-exec-1] DEBUG c.newland.nideshopserver.mapper.GoodsMapper.select - ==> Parameters: 1(Integer)
2019-11-11 15:44:11.350 [http-nio-8360-exec-1] DEBUG c.newland.nideshopserver.mapper.GoodsMapper.select - <==      Total: 24
2019-11-11 15:44:11.353 [http-nio-8360-exec-1] DEBUG com.newland.nideshopserver.mapper.AdMapper.select - ==>  Preparing: SELECT id,ad_position_id,media_type,name,link,image_url,content,end_time,enabled FROM nideshop_ad WHERE ad_position_id = ? 
2019-11-11 15:44:11.354 [http-nio-8360-exec-1] DEBUG com.newland.nideshopserver.mapper.AdMapper.select - ==> Parameters: 1(Integer)
2019-11-11 15:44:11.359 [http-nio-8360-exec-1] DEBUG com.newland.nideshopserver.mapper.AdMapper.select - <==      Total: 3
2019-11-11 15:44:11.380 [http-nio-8360-exec-1] DEBUG c.n.n.mapper.ChannelMapper.selectByExample - ==>  Preparing: SELECT id,name,url,icon_url,sort_order FROM nideshop_channel order by sort_order ASC 
2019-11-11 15:44:11.380 [http-nio-8360-exec-1] DEBUG c.n.n.mapper.ChannelMapper.selectByExample - ==> Parameters: 
2019-11-11 15:44:11.385 [http-nio-8360-exec-1] DEBUG c.n.n.mapper.ChannelMapper.selectByExample - <==      Total: 5
2019-11-11 15:44:11.386 [http-nio-8360-exec-1] DEBUG c.n.nideshopserver.mapper.TopicMapper.selectAll - ==>  Preparing: SELECT id,title,content,avatar,item_pic_url,subtitle,topic_category_id,price_info,read_count,scene_pic_url,topic_template_id,topic_tag_id,sort_order,is_show FROM nideshop_topic 
2019-11-11 15:44:11.388 [http-nio-8360-exec-1] DEBUG c.n.nideshopserver.mapper.TopicMapper.selectAll - ==> Parameters: 
2019-11-11 15:44:11.400 [http-nio-8360-exec-1] DEBUG c.n.nideshopserver.mapper.TopicMapper.selectAll - <==      Total: 20
2019-11-11 15:44:11.401 [http-nio-8360-exec-1] DEBUG com.newland.nideshopserver.mapper.BrandMapper.list - ==>  Preparing: SELECT id , name as 'name' , list_pic_url as 'listPicUrl', simple_desc as 'simpleDesc' , pic_url as 'picUrl' ,sort_order as sortOrder ,is_show as isShow ,floor_price as floorPrice, app_list_pic_url as 'appListPicUrl' ,is_new as isNew, new_pic_url as 'newPicUrl',new_sort_order as newSortOrder FROM `nideshop_brand` WHERE ( `is_new` = 1 ) ORDER BY `new_sort_order` asc LIMIT 4 
2019-11-11 15:44:11.402 [http-nio-8360-exec-1] DEBUG com.newland.nideshopserver.mapper.BrandMapper.list - ==> Parameters: 
2019-11-11 15:44:11.406 [http-nio-8360-exec-1] DEBUG com.newland.nideshopserver.mapper.BrandMapper.list - <==      Total: 4
2019-11-11 15:44:11.407 [http-nio-8360-exec-1] DEBUG c.n.n.mapper.CategoryMapper.listParentCategory - ==>  Preparing: SELECT * FROM `nideshop_category` WHERE ( `parent_id` = 0 ) AND ( `name` != '推荐' ) 
2019-11-11 15:44:11.407 [http-nio-8360-exec-1] DEBUG c.n.n.mapper.CategoryMapper.listParentCategory - ==> Parameters: 
2019-11-11 15:44:11.411 [http-nio-8360-exec-1] DEBUG c.n.n.mapper.CategoryMapper.listParentCategory - <==      Total: 9
2019-11-11 15:44:11.412 [http-nio-8360-exec-1] DEBUG c.n.n.mapper.CategoryMapper.listSecondCategory - ==>  Preparing: SELECT `id` FROM `nideshop_category` WHERE ( `parent_id` = ? ) LIMIT 100; 
2019-11-11 15:44:11.412 [http-nio-8360-exec-1] DEBUG c.n.n.mapper.CategoryMapper.listSecondCategory - ==> Parameters: 1005000(Integer)
2019-11-11 15:44:11.414 [http-nio-8360-exec-1] DEBUG c.n.n.mapper.CategoryMapper.listSecondCategory - <==      Total: 10
2019-11-11 15:44:11.431 [http-nio-8360-exec-1] DEBUG c.n.n.mapper.GoodsMapper.selectByExample - ==>  Preparing: SELECT id , name , list_pic_url , retail_price FROM nideshop_goods WHERE ( ( category_id in ( ? , ? , ? , ? , ? , ? , ? , ? , ? , ? ) ) ) 
2019-11-11 15:44:11.431 [http-nio-8360-exec-1] DEBUG c.n.n.mapper.GoodsMapper.selectByExample - ==> Parameters: 1008002(Integer), 1008008(Integer), 1008009(Integer), 1008016(Integer), 1010003(Integer), 1011003(Integer), 1011004(Integer), 1015000(Integer), 1017000(Integer), 1036000(Integer)
2019-11-11 15:44:11.444 [http-nio-8360-exec-1] DEBUG c.n.n.mapper.GoodsMapper.selectByExample - <==      Total: 170
2019-11-11 15:44:11.445 [http-nio-8360-exec-1] DEBUG c.n.n.mapper.CategoryMapper.listSecondCategory - ==>  Preparing: SELECT `id` FROM `nideshop_category` WHERE ( `parent_id` = ? ) LIMIT 100; 
2019-11-11 15:44:11.445 [http-nio-8360-exec-1] DEBUG c.n.n.mapper.CategoryMapper.listSecondCategory - ==> Parameters: 1005001(Integer)
2019-11-11 15:44:11.447 [http-nio-8360-exec-1] DEBUG c.n.n.mapper.CategoryMapper.listSecondCategory - <==      Total: 9
2019-11-11 15:44:11.451 [http-nio-8360-exec-1] DEBUG c.n.n.mapper.GoodsMapper.selectByExample - ==>  Preparing: SELECT id , name , list_pic_url , retail_price FROM nideshop_goods WHERE ( ( category_id in ( ? , ? , ? , ? , ? , ? , ? , ? , ? ) ) ) 
2019-11-11 15:44:11.452 [http-nio-8360-exec-1] DEBUG c.n.n.mapper.GoodsMapper.selectByExample - ==> Parameters: 1005007(Integer), 1005008(Integer), 1005009(Integer), 1007000(Integer), 1008011(Integer), 1008012(Integer), 1008013(Integer), 1013005(Integer), 1023000(Integer)
2019-11-11 15:44:11.456 [http-nio-8360-exec-1] DEBUG c.n.n.mapper.GoodsMapper.selectByExample - <==      Total: 9
2019-11-11 15:44:11.457 [http-nio-8360-exec-1] DEBUG c.n.n.mapper.CategoryMapper.listSecondCategory - ==>  Preparing: SELECT `id` FROM `nideshop_category` WHERE ( `parent_id` = ? ) LIMIT 100; 
2019-11-11 15:44:11.457 [http-nio-8360-exec-1] DEBUG c.n.n.mapper.CategoryMapper.listSecondCategory - ==> Parameters: 1005002(Integer)
2019-11-11 15:44:11.460 [http-nio-8360-exec-1] DEBUG c.n.n.mapper.CategoryMapper.listSecondCategory - <==      Total: 10
2019-11-11 15:44:11.463 [http-nio-8360-exec-1] DEBUG c.n.n.mapper.GoodsMapper.selectByExample - ==>  Preparing: SELECT id , name , list_pic_url , retail_price FROM nideshop_goods WHERE ( ( category_id in ( ? , ? , ? , ? , ? , ? , ? , ? , ? , ? ) ) ) 
2019-11-11 15:44:11.464 [http-nio-8360-exec-1] DEBUG c.n.n.mapper.GoodsMapper.selectByExample - ==> Parameters: 1005010(Integer), 1005011(Integer), 1005012(Integer), 1005013(Integer), 1008014(Integer), 1008015(Integer), 1027000(Integer), 1027001(Integer), 1035003(Integer), 1036003(Integer)
2019-11-11 15:44:11.467 [http-nio-8360-exec-1] DEBUG c.n.n.mapper.GoodsMapper.selectByExample - <==      Total: 9
2019-11-11 15:44:11.468 [http-nio-8360-exec-1] DEBUG c.n.n.mapper.CategoryMapper.listSecondCategory - ==>  Preparing: SELECT `id` FROM `nideshop_category` WHERE ( `parent_id` = ? ) LIMIT 100; 
2019-11-11 15:44:11.469 [http-nio-8360-exec-1] DEBUG c.n.n.mapper.CategoryMapper.listSecondCategory - ==> Parameters: 1008000(Integer)
2019-11-11 15:44:11.470 [http-nio-8360-exec-1] DEBUG c.n.n.mapper.CategoryMapper.listSecondCategory - <==      Total: 9
2019-11-11 15:44:11.474 [http-nio-8360-exec-1] DEBUG c.n.n.mapper.GoodsMapper.selectByExample - ==>  Preparing: SELECT id , name , list_pic_url , retail_price FROM nideshop_goods WHERE ( ( category_id in ( ? , ? , ? , ? , ? , ? , ? , ? , ? ) ) ) 
2019-11-11 15:44:11.475 [http-nio-8360-exec-1] DEBUG c.n.n.mapper.GoodsMapper.selectByExample - ==> Parameters: 1008003(Integer), 1008007(Integer), 1008010(Integer), 1008018(Integer), 1010004(Integer), 1012001(Integer), 1013000(Integer), 1020008(Integer), 1022000(Integer)
2019-11-11 15:44:11.479 [http-nio-8360-exec-1] DEBUG c.n.n.mapper.GoodsMapper.selectByExample - <==      Total: 7
2019-11-11 15:44:11.482 [http-nio-8360-exec-1] DEBUG c.n.n.mapper.CategoryMapper.listSecondCategory - ==>  Preparing: SELECT `id` FROM `nideshop_category` WHERE ( `parent_id` = ? ) LIMIT 100; 
2019-11-11 15:44:11.483 [http-nio-8360-exec-1] DEBUG c.n.n.mapper.CategoryMapper.listSecondCategory - ==> Parameters: 1010000(Integer)
2019-11-11 15:44:11.485 [http-nio-8360-exec-1] DEBUG c.n.n.mapper.CategoryMapper.listSecondCategory - <==      Total: 11
2019-11-11 15:44:11.490 [http-nio-8360-exec-1] DEBUG c.n.n.mapper.GoodsMapper.selectByExample - ==>  Preparing: SELECT id , name , list_pic_url , retail_price FROM nideshop_goods WHERE ( ( category_id in ( ? , ? , ? , ? , ? , ? , ? , ? , ? , ? , ? ) ) ) 
2019-11-11 15:44:11.491 [http-nio-8360-exec-1] DEBUG c.n.n.mapper.GoodsMapper.selectByExample - ==> Parameters: 1008004(Integer), 1010001(Integer), 1010002(Integer), 1013006(Integer), 1015001(Integer), 1020009(Integer), 1020010(Integer), 1034000(Integer), 1035000(Integer), 1035001(Integer), 1035002(Integer)
2019-11-11 15:44:11.494 [http-nio-8360-exec-1] DEBUG c.n.n.mapper.GoodsMapper.selectByExample - <==      Total: 9
2019-11-11 15:44:11.495 [http-nio-8360-exec-1] DEBUG c.n.n.mapper.CategoryMapper.listSecondCategory - ==>  Preparing: SELECT `id` FROM `nideshop_category` WHERE ( `parent_id` = ? ) LIMIT 100; 
2019-11-11 15:44:11.496 [http-nio-8360-exec-1] DEBUG c.n.n.mapper.CategoryMapper.listSecondCategory - ==> Parameters: 1011000(Integer)
2019-11-11 15:44:11.497 [http-nio-8360-exec-1] DEBUG c.n.n.mapper.CategoryMapper.listSecondCategory - <==      Total: 7
2019-11-11 15:44:11.499 [http-nio-8360-exec-1] DEBUG c.n.n.mapper.GoodsMapper.selectByExample - ==>  Preparing: SELECT id , name , list_pic_url , retail_price FROM nideshop_goods WHERE ( ( category_id in ( ? , ? , ? , ? , ? , ? , ? ) ) ) 
2019-11-11 15:44:11.500 [http-nio-8360-exec-1] DEBUG c.n.n.mapper.GoodsMapper.selectByExample - ==> Parameters: 1011001(Integer), 1020003(Integer), 1020004(Integer), 1020005(Integer), 1020006(Integer), 1020007(Integer), 1034001(Integer)
2019-11-11 15:44:11.501 [http-nio-8360-exec-1] DEBUG c.n.n.mapper.GoodsMapper.selectByExample - <==      Total: 9
2019-11-11 15:44:11.503 [http-nio-8360-exec-1] DEBUG c.n.n.mapper.CategoryMapper.listSecondCategory - ==>  Preparing: SELECT `id` FROM `nideshop_category` WHERE ( `parent_id` = ? ) LIMIT 100; 
2019-11-11 15:44:11.503 [http-nio-8360-exec-1] DEBUG c.n.n.mapper.CategoryMapper.listSecondCategory - ==> Parameters: 1012000(Integer)
2019-11-11 15:44:11.504 [http-nio-8360-exec-1] DEBUG c.n.n.mapper.CategoryMapper.listSecondCategory - <==      Total: 10
2019-11-11 15:44:11.508 [http-nio-8360-exec-1] DEBUG c.n.n.mapper.GoodsMapper.selectByExample - ==>  Preparing: SELECT id , name , list_pic_url , retail_price FROM nideshop_goods WHERE ( ( category_id in ( ? , ? , ? , ? , ? , ? , ? , ? , ? , ? ) ) ) 
2019-11-11 15:44:11.511 [http-nio-8360-exec-1] DEBUG c.n.n.mapper.GoodsMapper.selectByExample - ==> Parameters: 1008005(Integer), 1008006(Integer), 1008017(Integer), 1011002(Integer), 1012002(Integer), 1012003(Integer), 1020000(Integer), 1021000(Integer), 1036001(Integer), 1036002(Integer)
2019-11-11 15:44:11.515 [http-nio-8360-exec-1] DEBUG c.n.n.mapper.GoodsMapper.selectByExample - <==      Total: 9
2019-11-11 15:44:11.515 [http-nio-8360-exec-1] DEBUG c.n.n.mapper.CategoryMapper.listSecondCategory - ==>  Preparing: SELECT `id` FROM `nideshop_category` WHERE ( `parent_id` = ? ) LIMIT 100; 
2019-11-11 15:44:11.516 [http-nio-8360-exec-1] DEBUG c.n.n.mapper.CategoryMapper.listSecondCategory - ==> Parameters: 1013001(Integer)
2019-11-11 15:44:11.517 [http-nio-8360-exec-1] DEBUG c.n.n.mapper.CategoryMapper.listSecondCategory - <==      Total: 7
2019-11-11 15:44:11.520 [http-nio-8360-exec-1] DEBUG c.n.n.mapper.GoodsMapper.selectByExample - ==>  Preparing: SELECT id , name , list_pic_url , retail_price FROM nideshop_goods WHERE ( ( category_id in ( ? , ? , ? , ? , ? , ? , ? ) ) ) 
2019-11-11 15:44:11.521 [http-nio-8360-exec-1] DEBUG c.n.n.mapper.GoodsMapper.selectByExample - ==> Parameters: 1008001(Integer), 1009000(Integer), 1013002(Integer), 1013003(Integer), 1013004(Integer), 1020001(Integer), 1020002(Integer)
2019-11-11 15:44:11.523 [http-nio-8360-exec-1] DEBUG c.n.n.mapper.GoodsMapper.selectByExample - <==      Total: 9
2019-11-11 15:44:11.524 [http-nio-8360-exec-1] DEBUG c.n.n.mapper.CategoryMapper.listSecondCategory - ==>  Preparing: SELECT `id` FROM `nideshop_category` WHERE ( `parent_id` = ? ) LIMIT 100; 
2019-11-11 15:44:11.525 [http-nio-8360-exec-1] DEBUG c.n.n.mapper.CategoryMapper.listSecondCategory - ==> Parameters: 1019000(Integer)
2019-11-11 15:44:11.526 [http-nio-8360-exec-1] DEBUG c.n.n.mapper.CategoryMapper.listSecondCategory - <==      Total: 11
2019-11-11 15:44:11.528 [http-nio-8360-exec-1] DEBUG c.n.n.mapper.GoodsMapper.selectByExample - ==>  Preparing: SELECT id , name , list_pic_url , retail_price FROM nideshop_goods WHERE ( ( category_id in ( ? , ? , ? , ? , ? , ? , ? , ? , ? , ? , ? ) ) ) 
2019-11-11 15:44:11.529 [http-nio-8360-exec-1] DEBUG c.n.n.mapper.GoodsMapper.selectByExample - ==> Parameters: 1018000(Integer), 1025000(Integer), 1028001(Integer), 1032000(Integer), 1032001(Integer), 1032002(Integer), 1032003(Integer), 1032004(Integer), 1032005(Integer), 1033000(Integer), 1036004(Integer)
2019-11-11 15:44:11.530 [http-nio-8360-exec-1] DEBUG c.n.n.mapper.GoodsMapper.selectByExample - <==      Total: 8
2019-11-11 15:44:42.784 [http-nio-8360-exec-6] DEBUG c.n.nideshopserver.mapper.UserMapper.selectOne - ==>  Preparing: SELECT id,username,password,gender,birthday,register_time,last_login_time,last_login_ip,user_level_id,nickname,mobile,register_ip,avatar,weixin_openid,token FROM nideshop_user WHERE token = ? 
2019-11-11 15:44:42.787 [http-nio-8360-exec-6] DEBUG c.n.nideshopserver.mapper.UserMapper.selectOne - ==> Parameters: (String)
2019-11-11 15:44:42.792 [http-nio-8360-exec-6] DEBUG c.n.nideshopserver.mapper.UserMapper.selectOne - <==      Total: 0
2019-11-11 15:44:42.809 [http-nio-8360-exec-5] DEBUG c.n.nideshopserver.mapper.UserMapper.selectOne - ==>  Preparing: SELECT id,username,password,gender,birthday,register_time,last_login_time,last_login_ip,user_level_id,nickname,mobile,register_ip,avatar,weixin_openid,token FROM nideshop_user WHERE token = ? 
2019-11-11 15:44:42.810 [http-nio-8360-exec-5] DEBUG c.n.nideshopserver.mapper.UserMapper.selectOne - ==> Parameters: (String)
2019-11-11 15:44:42.813 [http-nio-8360-exec-5] DEBUG c.n.nideshopserver.mapper.UserMapper.selectOne - <==      Total: 0
2019-11-11 15:44:42.814 [http-nio-8360-exec-5] DEBUG c.n.n.mapper.GoodsMapper.selectByPrimaryKey - ==>  Preparing: SELECT id,category_id,goods_sn,name,brand_id,goods_number,keywords,goods_brief,goods_desc,is_on_sale,add_time,sort_order,is_delete,attribute_category,counter_price,extra_price,is_new,goods_unit,primary_pic_url,list_pic_url,retail_price,sell_volume,primary_product_id,unit_price,promotion_desc,promotion_tag,app_exclusive_price,is_app_exclusive,is_limited,is_hot FROM nideshop_goods WHERE id = ? 
2019-11-11 15:44:42.815 [http-nio-8360-exec-5] DEBUG c.n.n.mapper.GoodsMapper.selectByPrimaryKey - ==> Parameters: 1006002(Integer)
2019-11-11 15:44:42.818 [http-nio-8360-exec-5] DEBUG c.n.n.mapper.GoodsMapper.selectByPrimaryKey - <==      Total: 1
2019-11-11 15:44:42.896 [http-nio-8360-exec-5] DEBUG c.n.n.m.GoodsGalleryMapper.selectByExample_COUNT - ==>  Preparing: SELECT count(0) FROM nideshop_goods_gallery WHERE ((goods_id = ?)) 
2019-11-11 15:44:42.897 [http-nio-8360-exec-5] DEBUG c.n.n.m.GoodsGalleryMapper.selectByExample_COUNT - ==> Parameters: 1006002(Integer)
2019-11-11 15:44:42.913 [http-nio-8360-exec-5] DEBUG c.n.n.m.GoodsGalleryMapper.selectByExample_COUNT - <==      Total: 1
2019-11-11 15:44:42.917 [http-nio-8360-exec-5] DEBUG c.n.n.mapper.GoodsGalleryMapper.selectByExample - ==>  Preparing: SELECT id,goods_id,img_url,img_desc,sort_order FROM nideshop_goods_gallery WHERE ( ( goods_id = ? ) ) LIMIT ? 
2019-11-11 15:44:42.918 [http-nio-8360-exec-5] DEBUG c.n.n.mapper.GoodsGalleryMapper.selectByExample - ==> Parameters: 1006002(Integer), 4(Integer)
2019-11-11 15:44:42.922 [http-nio-8360-exec-5] DEBUG c.n.n.mapper.GoodsGalleryMapper.selectByExample - <==      Total: 4
2019-11-11 15:44:42.924 [http-nio-8360-exec-5] DEBUG c.n.n.mapper.GoodsMapper.getAttributes - ==>  Preparing: SELECT A.value,B.name FROM NIDESHOP_GOODS_ATTRIBUTE A JOIN NIDESHOP_ATTRIBUTE B ON A.attribute_id=B.id WHERE A.goods_id=? 
2019-11-11 15:44:42.925 [http-nio-8360-exec-5] DEBUG c.n.n.mapper.GoodsMapper.getAttributes - ==> Parameters: 1006002(Integer)
2019-11-11 15:44:42.949 [http-nio-8360-exec-5] DEBUG c.n.n.mapper.GoodsMapper.getAttributes - <==      Total: 7
2019-11-11 15:44:42.951 [http-nio-8360-exec-5] DEBUG c.n.n.mapper.GoodsIssueMapper.selectAll - ==>  Preparing: SELECT id,goods_id,question,answer FROM nideshop_goods_issue 
2019-11-11 15:44:42.952 [http-nio-8360-exec-5] DEBUG c.n.n.mapper.GoodsIssueMapper.selectAll - ==> Parameters: 
2019-11-11 15:44:42.956 [http-nio-8360-exec-5] DEBUG c.n.n.mapper.GoodsIssueMapper.selectAll - <==      Total: 4
2019-11-11 15:44:42.957 [http-nio-8360-exec-5] DEBUG c.n.n.mapper.BrandMapper.selectByPrimaryKey - ==>  Preparing: SELECT id,name,list_pic_url,simple_desc,pic_url,sort_order,is_show,floor_price,app_list_pic_url,is_new,new_pic_url,new_sort_order FROM nideshop_brand WHERE id = ? 
2019-11-11 15:44:42.958 [http-nio-8360-exec-5] DEBUG c.n.n.mapper.BrandMapper.selectByPrimaryKey - ==> Parameters: 0(Integer)
2019-11-11 15:44:42.960 [http-nio-8360-exec-5] DEBUG c.n.n.mapper.BrandMapper.selectByPrimaryKey - <==      Total: 0
2019-11-11 15:44:42.964 [http-nio-8360-exec-5] DEBUG c.n.n.mapper.CommentMapper.commentCount - ==>  Preparing: SELECT COUNT(`nideshop_comment`.id) FROM `nideshop_comment` WHERE ( `type_id` = ? ) AND ( `value_id` = ? ) 
2019-11-11 15:44:42.965 [http-nio-8360-exec-5] DEBUG c.n.n.mapper.CommentMapper.commentCount - ==> Parameters: 0(Integer), 1006002(Integer)
2019-11-11 15:44:42.973 [http-nio-8360-exec-5] DEBUG c.n.n.mapper.CommentMapper.commentCount - <==      Total: 1
2019-11-11 15:44:42.975 [http-nio-8360-exec-5] DEBUG c.n.nideshopserver.mapper.CommentMapper.select - ==>  Preparing: SELECT id,type_id,value_id,content,add_time,status,user_id,new_content FROM nideshop_comment WHERE type_id = ? AND value_id = ? 
2019-11-11 15:44:42.976 [http-nio-8360-exec-5] DEBUG c.n.nideshopserver.mapper.CommentMapper.select - ==> Parameters: 0(Integer), 1006002(Integer)
2019-11-11 15:44:42.982 [http-nio-8360-exec-5] DEBUG c.n.nideshopserver.mapper.CommentMapper.select - <==      Total: 27
2019-11-11 15:44:42.983 [http-nio-8360-exec-5] DEBUG c.n.nideshopserver.mapper.UserMapper.selectOne - ==>  Preparing: SELECT id,username,password,gender,birthday,register_time,last_login_time,last_login_ip,user_level_id,nickname,mobile,register_ip,avatar,weixin_openid,token FROM nideshop_user WHERE id = ? 
2019-11-11 15:44:42.983 [http-nio-8360-exec-5] DEBUG c.n.nideshopserver.mapper.UserMapper.selectOne - ==> Parameters: 1(Integer)
2019-11-11 15:44:42.984 [http-nio-8360-exec-5] DEBUG c.n.nideshopserver.mapper.UserMapper.selectOne - <==      Total: 0
2019-11-11 15:47:45.344 [http-nio-8360-exec-8] DEBUG c.n.nideshopserver.mapper.UserMapper.selectOne - ==>  Preparing: SELECT id,username,password,gender,birthday,register_time,last_login_time,last_login_ip,user_level_id,nickname,mobile,register_ip,avatar,weixin_openid,token FROM nideshop_user WHERE token = ? 
2019-11-11 15:47:45.346 [http-nio-8360-exec-8] DEBUG c.n.nideshopserver.mapper.UserMapper.selectOne - ==> Parameters: (String)
2019-11-11 15:47:45.347 [http-nio-8360-exec-8] DEBUG c.n.nideshopserver.mapper.UserMapper.selectOne - <==      Total: 0
2019-11-11 15:47:45.348 [http-nio-8360-exec-8] DEBUG c.n.n.mapper.GoodsMapper.selectByPrimaryKey - ==>  Preparing: SELECT id,category_id,goods_sn,name,brand_id,goods_number,keywords,goods_brief,goods_desc,is_on_sale,add_time,sort_order,is_delete,attribute_category,counter_price,extra_price,is_new,goods_unit,primary_pic_url,list_pic_url,retail_price,sell_volume,primary_product_id,unit_price,promotion_desc,promotion_tag,app_exclusive_price,is_app_exclusive,is_limited,is_hot FROM nideshop_goods WHERE id = ? 
2019-11-11 15:47:45.348 [http-nio-8360-exec-8] DEBUG c.n.n.mapper.GoodsMapper.selectByPrimaryKey - ==> Parameters: 1006002(Integer)
2019-11-11 15:47:45.351 [http-nio-8360-exec-8] DEBUG c.n.n.mapper.GoodsMapper.selectByPrimaryKey - <==      Total: 1
2019-11-11 15:47:45.357 [http-nio-8360-exec-8] DEBUG c.n.n.m.GoodsGalleryMapper.selectByExample_COUNT - ==>  Preparing: SELECT count(0) FROM nideshop_goods_gallery WHERE ((goods_id = ?)) 
2019-11-11 15:47:45.358 [http-nio-8360-exec-8] DEBUG c.n.n.m.GoodsGalleryMapper.selectByExample_COUNT - ==> Parameters: 1006002(Integer)
2019-11-11 15:47:45.360 [http-nio-8360-exec-8] DEBUG c.n.n.m.GoodsGalleryMapper.selectByExample_COUNT - <==      Total: 1
2019-11-11 15:47:45.365 [http-nio-8360-exec-8] DEBUG c.n.n.mapper.GoodsGalleryMapper.selectByExample - ==>  Preparing: SELECT id,goods_id,img_url,img_desc,sort_order FROM nideshop_goods_gallery WHERE ( ( goods_id = ? ) ) LIMIT ? 
2019-11-11 15:47:45.366 [http-nio-8360-exec-8] DEBUG c.n.n.mapper.GoodsGalleryMapper.selectByExample - ==> Parameters: 1006002(Integer), 4(Integer)
2019-11-11 15:47:45.369 [http-nio-8360-exec-8] DEBUG c.n.n.mapper.GoodsGalleryMapper.selectByExample - <==      Total: 4
2019-11-11 15:47:45.371 [http-nio-8360-exec-8] DEBUG c.n.n.mapper.GoodsMapper.getAttributes - ==>  Preparing: SELECT A.value,B.name FROM NIDESHOP_GOODS_ATTRIBUTE A JOIN NIDESHOP_ATTRIBUTE B ON A.attribute_id=B.id WHERE A.goods_id=? 
2019-11-11 15:47:45.372 [http-nio-8360-exec-8] DEBUG c.n.n.mapper.GoodsMapper.getAttributes - ==> Parameters: 1006002(Integer)
2019-11-11 15:47:45.373 [http-nio-8360-exec-8] DEBUG c.n.n.mapper.GoodsMapper.getAttributes - <==      Total: 7
2019-11-11 15:47:45.374 [http-nio-8360-exec-8] DEBUG c.n.n.mapper.GoodsIssueMapper.selectAll - ==>  Preparing: SELECT id,goods_id,question,answer FROM nideshop_goods_issue 
2019-11-11 15:47:45.374 [http-nio-8360-exec-8] DEBUG c.n.n.mapper.GoodsIssueMapper.selectAll - ==> Parameters: 
2019-11-11 15:47:45.377 [http-nio-8360-exec-8] DEBUG c.n.n.mapper.GoodsIssueMapper.selectAll - <==      Total: 4
2019-11-11 15:47:45.377 [http-nio-8360-exec-8] DEBUG c.n.n.mapper.BrandMapper.selectByPrimaryKey - ==>  Preparing: SELECT id,name,list_pic_url,simple_desc,pic_url,sort_order,is_show,floor_price,app_list_pic_url,is_new,new_pic_url,new_sort_order FROM nideshop_brand WHERE id = ? 
2019-11-11 15:47:45.378 [http-nio-8360-exec-8] DEBUG c.n.n.mapper.BrandMapper.selectByPrimaryKey - ==> Parameters: 0(Integer)
2019-11-11 15:47:45.387 [http-nio-8360-exec-9] DEBUG c.n.nideshopserver.mapper.UserMapper.selectOne - ==>  Preparing: SELECT id,username,password,gender,birthday,register_time,last_login_time,last_login_ip,user_level_id,nickname,mobile,register_ip,avatar,weixin_openid,token FROM nideshop_user WHERE token = ? 
2019-11-11 15:47:45.387 [http-nio-8360-exec-8] DEBUG c.n.n.mapper.BrandMapper.selectByPrimaryKey - <==      Total: 0
2019-11-11 15:47:45.387 [http-nio-8360-exec-9] DEBUG c.n.nideshopserver.mapper.UserMapper.selectOne - ==> Parameters: (String)
2019-11-11 15:47:45.388 [http-nio-8360-exec-8] DEBUG c.n.n.mapper.CommentMapper.commentCount - ==>  Preparing: SELECT COUNT(`nideshop_comment`.id) FROM `nideshop_comment` WHERE ( `type_id` = ? ) AND ( `value_id` = ? ) 
2019-11-11 15:47:45.388 [http-nio-8360-exec-8] DEBUG c.n.n.mapper.CommentMapper.commentCount - ==> Parameters: 0(Integer), 1006002(Integer)
2019-11-11 15:47:45.389 [http-nio-8360-exec-8] DEBUG c.n.n.mapper.CommentMapper.commentCount - <==      Total: 1
2019-11-11 15:47:45.390 [http-nio-8360-exec-8] DEBUG c.n.nideshopserver.mapper.CommentMapper.select - ==>  Preparing: SELECT id,type_id,value_id,content,add_time,status,user_id,new_content FROM nideshop_comment WHERE type_id = ? AND value_id = ? 
2019-11-11 15:47:45.391 [http-nio-8360-exec-8] DEBUG c.n.nideshopserver.mapper.CommentMapper.select - ==> Parameters: 0(Integer), 1006002(Integer)
2019-11-11 15:47:45.393 [http-nio-8360-exec-8] DEBUG c.n.nideshopserver.mapper.CommentMapper.select - <==      Total: 27
2019-11-11 15:47:45.394 [http-nio-8360-exec-8] DEBUG c.n.nideshopserver.mapper.UserMapper.selectOne - ==>  Preparing: SELECT id,username,password,gender,birthday,register_time,last_login_time,last_login_ip,user_level_id,nickname,mobile,register_ip,avatar,weixin_openid,token FROM nideshop_user WHERE id = ? 
2019-11-11 15:47:45.395 [http-nio-8360-exec-8] DEBUG c.n.nideshopserver.mapper.UserMapper.selectOne - ==> Parameters: 1(Integer)
2019-11-11 15:47:45.396 [http-nio-8360-exec-8] DEBUG c.n.nideshopserver.mapper.UserMapper.selectOne - <==      Total: 1
2019-11-11 15:47:45.396 [http-nio-8360-exec-9] DEBUG c.n.nideshopserver.mapper.UserMapper.selectOne - <==      Total: 0
2019-11-11 15:47:45.398 [http-nio-8360-exec-8] DEBUG c.n.n.mapper.CommentPictureMapper.select - ==>  Preparing: SELECT id,comment_id,pic_url,sort_order FROM nideshop_comment_picture WHERE comment_id = ? 
2019-11-11 15:47:45.398 [http-nio-8360-exec-8] DEBUG c.n.n.mapper.CommentPictureMapper.select - ==> Parameters: 4(Integer)
2019-11-11 15:47:45.408 [http-nio-8360-exec-8] DEBUG c.n.n.mapper.CommentPictureMapper.select - <==      Total: 1
2019-11-11 15:47:45.409 [http-nio-8360-exec-8] DEBUG c.n.n.mapper.GoodsMapper.getSpecificationList - ==>  Preparing: SELECT gs.*,s.name FROM nideshop_goods_specification gs INNER JOIN nideshop_specification s ON gs.specification_id=s.id WHERE goods_id=? 
2019-11-11 15:47:45.410 [http-nio-8360-exec-8] DEBUG c.n.n.mapper.GoodsMapper.getSpecificationList - ==> Parameters: 1006002(Integer)
2019-11-11 15:47:45.415 [http-nio-8360-exec-8] DEBUG c.n.n.mapper.GoodsMapper.getSpecificationList - <==      Total: 0
2019-11-11 15:47:45.418 [http-nio-8360-exec-8] DEBUG c.n.nideshopserver.mapper.ProductMapper.select - ==>  Preparing: SELECT id,goods_id,goods_specification_ids,goods_sn,goods_number,retail_price FROM nideshop_product WHERE goods_id = ? 
2019-11-11 15:47:45.419 [http-nio-8360-exec-8] DEBUG c.n.nideshopserver.mapper.ProductMapper.select - ==> Parameters: 1006002(Integer)
2019-11-11 15:47:45.422 [http-nio-8360-exec-8] DEBUG c.n.nideshopserver.mapper.ProductMapper.select - <==      Total: 1
2019-11-11 15:47:45.995 [http-nio-8360-exec-10] DEBUG c.n.nideshopserver.mapper.GoodsMapper.relatedGoods - ==>  Preparing: SELECT id, name, list_pic_url AS listPicUrl, retail_price AS retailPrice FROM nideshop_goods WHERE id IN (SELECT related_goods_id FROM nideshop_related_goods WHERE goods_id=?) 
2019-11-11 15:47:45.995 [http-nio-8360-exec-10] DEBUG c.n.nideshopserver.mapper.GoodsMapper.relatedGoods - ==> Parameters: 1006002(Integer)
2019-11-11 15:47:46.001 [http-nio-8360-exec-10] DEBUG c.n.nideshopserver.mapper.GoodsMapper.relatedGoods - <==      Total: 0
2019-11-11 15:47:46.002 [http-nio-8360-exec-10] DEBUG c.n.n.mapper.GoodsMapper.selectBrotherGoods - ==>  Preparing: SELECT id, name, list_pic_url AS listPicUrl, retail_price AS retailPrice FROM nideshop_goods WHERE category_id=(SELECT category_id FROM nideshop_goods WHERE id=?) LIMIT 8 
2019-11-11 15:47:46.002 [http-nio-8360-exec-10] DEBUG c.n.n.mapper.GoodsMapper.selectBrotherGoods - ==> Parameters: 1006002(Integer)
2019-11-11 15:47:46.006 [http-nio-8360-exec-10] DEBUG c.n.n.mapper.GoodsMapper.selectBrotherGoods - <==      Total: 8
