2019-11-12 10:01:51.454 [main] WARN  org.mybatis.spring.mapper.ClassPathMapperScanner - Skipping MapperFactoryBean with name 'addressMapper' and 'com.newland.nideshopserver.mapper.AddressMapper' mapperInterface. Bean already defined with the same name!
2019-11-12 10:01:51.462 [main] WARN  org.mybatis.spring.mapper.ClassPathMapperScanner - Skipping MapperFactoryBean with name 'adminMapper' and 'com.newland.nideshopserver.mapper.AdminMapper' mapperInterface. Bean already defined with the same name!
2019-11-12 10:01:51.463 [main] WARN  org.mybatis.spring.mapper.ClassPathMapperScanner - Skipping MapperFactoryBean with name 'brandMapper' and 'com.newland.nideshopserver.mapper.BrandMapper' mapperInterface. Bean already defined with the same name!
2019-11-12 10:01:51.464 [main] WARN  org.mybatis.spring.mapper.ClassPathMapperScanner - Skipping MapperFactoryBean with name 'topicMapper' and 'com.newland.nideshopserver.mapper.TopicMapper' mapperInterface. Bean already defined with the same name!
2019-11-12 10:01:51.464 [main] WARN  org.mybatis.spring.mapper.ClassPathMapperScanner - Skipping MapperFactoryBean with name 'userMapper' and 'com.newland.nideshopserver.mapper.UserMapper' mapperInterface. Bean already defined with the same name!
2019-11-12 10:01:51.466 [main] WARN  org.mybatis.spring.mapper.ClassPathMapperScanner - No MyBatis mapper was found in '[com.newland.nideshopserver]' package. Please check your configuration.
2019-11-12 10:17:18.844 [main] WARN  org.mybatis.spring.mapper.ClassPathMapperScanner - Skipping MapperFactoryBean with name 'addressMapper' and 'com.newland.nideshopserver.mapper.AddressMapper' mapperInterface. Bean already defined with the same name!
2019-11-12 10:17:18.845 [main] WARN  org.mybatis.spring.mapper.ClassPathMapperScanner - Skipping MapperFactoryBean with name 'adminMapper' and 'com.newland.nideshopserver.mapper.AdminMapper' mapperInterface. Bean already defined with the same name!
2019-11-12 10:17:18.845 [main] WARN  org.mybatis.spring.mapper.ClassPathMapperScanner - Skipping MapperFactoryBean with name 'brandMapper' and 'com.newland.nideshopserver.mapper.BrandMapper' mapperInterface. Bean already defined with the same name!
2019-11-12 10:17:18.845 [main] WARN  org.mybatis.spring.mapper.ClassPathMapperScanner - Skipping MapperFactoryBean with name 'topicMapper' and 'com.newland.nideshopserver.mapper.TopicMapper' mapperInterface. Bean already defined with the same name!
2019-11-12 10:17:18.846 [main] WARN  org.mybatis.spring.mapper.ClassPathMapperScanner - Skipping MapperFactoryBean with name 'userMapper' and 'com.newland.nideshopserver.mapper.UserMapper' mapperInterface. Bean already defined with the same name!
2019-11-12 10:17:18.846 [main] WARN  org.mybatis.spring.mapper.ClassPathMapperScanner - No MyBatis mapper was found in '[com.newland.nideshopserver]' package. Please check your configuration.
2019-11-12 10:20:58.742 [main] WARN  org.mybatis.spring.mapper.ClassPathMapperScanner - Skipping MapperFactoryBean with name 'addressMapper' and 'com.newland.nideshopserver.mapper.AddressMapper' mapperInterface. Bean already defined with the same name!
2019-11-12 10:20:58.743 [main] WARN  org.mybatis.spring.mapper.ClassPathMapperScanner - Skipping MapperFactoryBean with name 'adminMapper' and 'com.newland.nideshopserver.mapper.AdminMapper' mapperInterface. Bean already defined with the same name!
2019-11-12 10:20:58.743 [main] WARN  org.mybatis.spring.mapper.ClassPathMapperScanner - Skipping MapperFactoryBean with name 'brandMapper' and 'com.newland.nideshopserver.mapper.BrandMapper' mapperInterface. Bean already defined with the same name!
2019-11-12 10:20:58.743 [main] WARN  org.mybatis.spring.mapper.ClassPathMapperScanner - Skipping MapperFactoryBean with name 'topicMapper' and 'com.newland.nideshopserver.mapper.TopicMapper' mapperInterface. Bean already defined with the same name!
2019-11-12 10:20:58.744 [main] WARN  org.mybatis.spring.mapper.ClassPathMapperScanner - Skipping MapperFactoryBean with name 'userMapper' and 'com.newland.nideshopserver.mapper.UserMapper' mapperInterface. Bean already defined with the same name!
2019-11-12 10:20:58.744 [main] WARN  org.mybatis.spring.mapper.ClassPathMapperScanner - No MyBatis mapper was found in '[com.newland.nideshopserver]' package. Please check your configuration.
2019-11-12 10:23:42.143 [main] WARN  org.mybatis.spring.mapper.ClassPathMapperScanner - Skipping MapperFactoryBean with name 'addressMapper' and 'com.newland.nideshopserver.mapper.AddressMapper' mapperInterface. Bean already defined with the same name!
2019-11-12 10:23:42.144 [main] WARN  org.mybatis.spring.mapper.ClassPathMapperScanner - Skipping MapperFactoryBean with name 'adminMapper' and 'com.newland.nideshopserver.mapper.AdminMapper' mapperInterface. Bean already defined with the same name!
2019-11-12 10:23:42.144 [main] WARN  org.mybatis.spring.mapper.ClassPathMapperScanner - Skipping MapperFactoryBean with name 'brandMapper' and 'com.newland.nideshopserver.mapper.BrandMapper' mapperInterface. Bean already defined with the same name!
2019-11-12 10:23:42.144 [main] WARN  org.mybatis.spring.mapper.ClassPathMapperScanner - Skipping MapperFactoryBean with name 'topicMapper' and 'com.newland.nideshopserver.mapper.TopicMapper' mapperInterface. Bean already defined with the same name!
2019-11-12 10:23:42.145 [main] WARN  org.mybatis.spring.mapper.ClassPathMapperScanner - Skipping MapperFactoryBean with name 'userMapper' and 'com.newland.nideshopserver.mapper.UserMapper' mapperInterface. Bean already defined with the same name!
2019-11-12 10:23:42.145 [main] WARN  org.mybatis.spring.mapper.ClassPathMapperScanner - No MyBatis mapper was found in '[com.newland.nideshopserver]' package. Please check your configuration.
2019-11-12 10:33:38.577 [main] WARN  org.mybatis.spring.mapper.ClassPathMapperScanner - Skipping MapperFactoryBean with name 'addressMapper' and 'com.newland.nideshopserver.mapper.AddressMapper' mapperInterface. Bean already defined with the same name!
2019-11-12 10:33:38.578 [main] WARN  org.mybatis.spring.mapper.ClassPathMapperScanner - Skipping MapperFactoryBean with name 'adminMapper' and 'com.newland.nideshopserver.mapper.AdminMapper' mapperInterface. Bean already defined with the same name!
2019-11-12 10:33:38.578 [main] WARN  org.mybatis.spring.mapper.ClassPathMapperScanner - Skipping MapperFactoryBean with name 'brandMapper' and 'com.newland.nideshopserver.mapper.BrandMapper' mapperInterface. Bean already defined with the same name!
2019-11-12 10:33:38.578 [main] WARN  org.mybatis.spring.mapper.ClassPathMapperScanner - Skipping MapperFactoryBean with name 'topicMapper' and 'com.newland.nideshopserver.mapper.TopicMapper' mapperInterface. Bean already defined with the same name!
2019-11-12 10:33:38.579 [main] WARN  org.mybatis.spring.mapper.ClassPathMapperScanner - Skipping MapperFactoryBean with name 'userMapper' and 'com.newland.nideshopserver.mapper.UserMapper' mapperInterface. Bean already defined with the same name!
2019-11-12 10:33:38.580 [main] WARN  org.mybatis.spring.mapper.ClassPathMapperScanner - No MyBatis mapper was found in '[com.newland.nideshopserver]' package. Please check your configuration.
2019-11-12 10:43:45.274 [main] WARN  org.mybatis.spring.mapper.ClassPathMapperScanner - Skipping MapperFactoryBean with name 'addressMapper' and 'com.newland.nideshopserver.mapper.AddressMapper' mapperInterface. Bean already defined with the same name!
2019-11-12 10:43:45.274 [main] WARN  org.mybatis.spring.mapper.ClassPathMapperScanner - Skipping MapperFactoryBean with name 'adminMapper' and 'com.newland.nideshopserver.mapper.AdminMapper' mapperInterface. Bean already defined with the same name!
2019-11-12 10:43:45.274 [main] WARN  org.mybatis.spring.mapper.ClassPathMapperScanner - Skipping MapperFactoryBean with name 'brandMapper' and 'com.newland.nideshopserver.mapper.BrandMapper' mapperInterface. Bean already defined with the same name!
2019-11-12 10:43:45.274 [main] WARN  org.mybatis.spring.mapper.ClassPathMapperScanner - Skipping MapperFactoryBean with name 'topicMapper' and 'com.newland.nideshopserver.mapper.TopicMapper' mapperInterface. Bean already defined with the same name!
2019-11-12 10:43:45.276 [main] WARN  org.mybatis.spring.mapper.ClassPathMapperScanner - Skipping MapperFactoryBean with name 'userMapper' and 'com.newland.nideshopserver.mapper.UserMapper' mapperInterface. Bean already defined with the same name!
2019-11-12 10:43:45.276 [main] WARN  org.mybatis.spring.mapper.ClassPathMapperScanner - No MyBatis mapper was found in '[com.newland.nideshopserver]' package. Please check your configuration.
2019-11-12 10:50:05.921 [main] WARN  org.mybatis.spring.mapper.ClassPathMapperScanner - Skipping MapperFactoryBean with name 'addressMapper' and 'com.newland.nideshopserver.mapper.AddressMapper' mapperInterface. Bean already defined with the same name!
2019-11-12 10:50:05.922 [main] WARN  org.mybatis.spring.mapper.ClassPathMapperScanner - Skipping MapperFactoryBean with name 'adminMapper' and 'com.newland.nideshopserver.mapper.AdminMapper' mapperInterface. Bean already defined with the same name!
2019-11-12 10:50:05.922 [main] WARN  org.mybatis.spring.mapper.ClassPathMapperScanner - Skipping MapperFactoryBean with name 'brandMapper' and 'com.newland.nideshopserver.mapper.BrandMapper' mapperInterface. Bean already defined with the same name!
2019-11-12 10:50:05.922 [main] WARN  org.mybatis.spring.mapper.ClassPathMapperScanner - Skipping MapperFactoryBean with name 'topicMapper' and 'com.newland.nideshopserver.mapper.TopicMapper' mapperInterface. Bean already defined with the same name!
2019-11-12 10:50:05.923 [main] WARN  org.mybatis.spring.mapper.ClassPathMapperScanner - Skipping MapperFactoryBean with name 'userMapper' and 'com.newland.nideshopserver.mapper.UserMapper' mapperInterface. Bean already defined with the same name!
2019-11-12 10:50:05.923 [main] WARN  org.mybatis.spring.mapper.ClassPathMapperScanner - No MyBatis mapper was found in '[com.newland.nideshopserver]' package. Please check your configuration.
2019-11-12 10:54:05.934 [main] WARN  org.mybatis.spring.mapper.ClassPathMapperScanner - Skipping MapperFactoryBean with name 'addressMapper' and 'com.newland.nideshopserver.mapper.AddressMapper' mapperInterface. Bean already defined with the same name!
2019-11-12 10:54:05.934 [main] WARN  org.mybatis.spring.mapper.ClassPathMapperScanner - Skipping MapperFactoryBean with name 'adminMapper' and 'com.newland.nideshopserver.mapper.AdminMapper' mapperInterface. Bean already defined with the same name!
2019-11-12 10:54:05.934 [main] WARN  org.mybatis.spring.mapper.ClassPathMapperScanner - Skipping MapperFactoryBean with name 'brandMapper' and 'com.newland.nideshopserver.mapper.BrandMapper' mapperInterface. Bean already defined with the same name!
2019-11-12 10:54:05.934 [main] WARN  org.mybatis.spring.mapper.ClassPathMapperScanner - Skipping MapperFactoryBean with name 'topicMapper' and 'com.newland.nideshopserver.mapper.TopicMapper' mapperInterface. Bean already defined with the same name!
2019-11-12 10:54:05.935 [main] WARN  org.mybatis.spring.mapper.ClassPathMapperScanner - Skipping MapperFactoryBean with name 'userMapper' and 'com.newland.nideshopserver.mapper.UserMapper' mapperInterface. Bean already defined with the same name!
2019-11-12 10:54:05.935 [main] WARN  org.mybatis.spring.mapper.ClassPathMapperScanner - No MyBatis mapper was found in '[com.newland.nideshopserver]' package. Please check your configuration.
2019-11-12 10:55:48.118 [main] WARN  org.mybatis.spring.mapper.ClassPathMapperScanner - Skipping MapperFactoryBean with name 'addressMapper' and 'com.newland.nideshopserver.mapper.AddressMapper' mapperInterface. Bean already defined with the same name!
2019-11-12 10:55:48.119 [main] WARN  org.mybatis.spring.mapper.ClassPathMapperScanner - Skipping MapperFactoryBean with name 'adminMapper' and 'com.newland.nideshopserver.mapper.AdminMapper' mapperInterface. Bean already defined with the same name!
2019-11-12 10:55:48.119 [main] WARN  org.mybatis.spring.mapper.ClassPathMapperScanner - Skipping MapperFactoryBean with name 'brandMapper' and 'com.newland.nideshopserver.mapper.BrandMapper' mapperInterface. Bean already defined with the same name!
2019-11-12 10:55:48.119 [main] WARN  org.mybatis.spring.mapper.ClassPathMapperScanner - Skipping MapperFactoryBean with name 'topicMapper' and 'com.newland.nideshopserver.mapper.TopicMapper' mapperInterface. Bean already defined with the same name!
2019-11-12 10:55:48.120 [main] WARN  org.mybatis.spring.mapper.ClassPathMapperScanner - Skipping MapperFactoryBean with name 'userMapper' and 'com.newland.nideshopserver.mapper.UserMapper' mapperInterface. Bean already defined with the same name!
2019-11-12 10:55:48.120 [main] WARN  org.mybatis.spring.mapper.ClassPathMapperScanner - No MyBatis mapper was found in '[com.newland.nideshopserver]' package. Please check your configuration.
2019-11-12 11:05:58.653 [main] WARN  org.mybatis.spring.mapper.ClassPathMapperScanner - Skipping MapperFactoryBean with name 'addressMapper' and 'com.newland.nideshopserver.mapper.AddressMapper' mapperInterface. Bean already defined with the same name!
2019-11-12 11:05:58.654 [main] WARN  org.mybatis.spring.mapper.ClassPathMapperScanner - Skipping MapperFactoryBean with name 'adminMapper' and 'com.newland.nideshopserver.mapper.AdminMapper' mapperInterface. Bean already defined with the same name!
2019-11-12 11:05:58.654 [main] WARN  org.mybatis.spring.mapper.ClassPathMapperScanner - Skipping MapperFactoryBean with name 'brandMapper' and 'com.newland.nideshopserver.mapper.BrandMapper' mapperInterface. Bean already defined with the same name!
2019-11-12 11:05:58.654 [main] WARN  org.mybatis.spring.mapper.ClassPathMapperScanner - Skipping MapperFactoryBean with name 'topicMapper' and 'com.newland.nideshopserver.mapper.TopicMapper' mapperInterface. Bean already defined with the same name!
2019-11-12 11:05:58.656 [main] WARN  org.mybatis.spring.mapper.ClassPathMapperScanner - Skipping MapperFactoryBean with name 'userMapper' and 'com.newland.nideshopserver.mapper.UserMapper' mapperInterface. Bean already defined with the same name!
2019-11-12 11:05:58.656 [main] WARN  org.mybatis.spring.mapper.ClassPathMapperScanner - No MyBatis mapper was found in '[com.newland.nideshopserver]' package. Please check your configuration.
2019-11-12 13:57:23.376 [main] WARN  org.mybatis.spring.mapper.ClassPathMapperScanner - Skipping MapperFactoryBean with name 'addressMapper' and 'com.newland.nideshopserver.mapper.AddressMapper' mapperInterface. Bean already defined with the same name!
2019-11-12 13:57:23.376 [main] WARN  org.mybatis.spring.mapper.ClassPathMapperScanner - Skipping MapperFactoryBean with name 'adminMapper' and 'com.newland.nideshopserver.mapper.AdminMapper' mapperInterface. Bean already defined with the same name!
2019-11-12 13:57:23.376 [main] WARN  org.mybatis.spring.mapper.ClassPathMapperScanner - Skipping MapperFactoryBean with name 'brandMapper' and 'com.newland.nideshopserver.mapper.BrandMapper' mapperInterface. Bean already defined with the same name!
2019-11-12 13:57:23.376 [main] WARN  org.mybatis.spring.mapper.ClassPathMapperScanner - Skipping MapperFactoryBean with name 'topicMapper' and 'com.newland.nideshopserver.mapper.TopicMapper' mapperInterface. Bean already defined with the same name!
2019-11-12 13:57:23.378 [main] WARN  org.mybatis.spring.mapper.ClassPathMapperScanner - Skipping MapperFactoryBean with name 'userMapper' and 'com.newland.nideshopserver.mapper.UserMapper' mapperInterface. Bean already defined with the same name!
2019-11-12 13:57:23.378 [main] WARN  org.mybatis.spring.mapper.ClassPathMapperScanner - No MyBatis mapper was found in '[com.newland.nideshopserver]' package. Please check your configuration.
2019-11-12 14:16:42.229 [main] WARN  org.mybatis.spring.mapper.ClassPathMapperScanner - Skipping MapperFactoryBean with name 'addressMapper' and 'com.newland.nideshopserver.mapper.AddressMapper' mapperInterface. Bean already defined with the same name!
2019-11-12 14:16:42.229 [main] WARN  org.mybatis.spring.mapper.ClassPathMapperScanner - Skipping MapperFactoryBean with name 'adminMapper' and 'com.newland.nideshopserver.mapper.AdminMapper' mapperInterface. Bean already defined with the same name!
2019-11-12 14:16:42.229 [main] WARN  org.mybatis.spring.mapper.ClassPathMapperScanner - Skipping MapperFactoryBean with name 'brandMapper' and 'com.newland.nideshopserver.mapper.BrandMapper' mapperInterface. Bean already defined with the same name!
2019-11-12 14:16:42.229 [main] WARN  org.mybatis.spring.mapper.ClassPathMapperScanner - Skipping MapperFactoryBean with name 'topicMapper' and 'com.newland.nideshopserver.mapper.TopicMapper' mapperInterface. Bean already defined with the same name!
2019-11-12 14:16:42.230 [main] WARN  org.mybatis.spring.mapper.ClassPathMapperScanner - Skipping MapperFactoryBean with name 'userMapper' and 'com.newland.nideshopserver.mapper.UserMapper' mapperInterface. Bean already defined with the same name!
2019-11-12 14:16:42.230 [main] WARN  org.mybatis.spring.mapper.ClassPathMapperScanner - No MyBatis mapper was found in '[com.newland.nideshopserver]' package. Please check your configuration.
